<?xml version="1.0" encoding="UTF-8"?>
<coverage generated="1714546628792" clover="3.2.0">
  <project timestamp="1714546628792" name="All files">
    <metrics statements="358" coveredstatements="222" conditionals="96" coveredconditionals="77" methods="98" coveredmethods="32" elements="552" coveredelements="331" complexity="0" loc="358" ncloc="358" packages="4" files="9" classes="9"/>
    <package name="backend">
      <metrics statements="18" coveredstatements="18" conditionals="0" coveredconditionals="0" methods="1" coveredmethods="1"/>
      <file name="server.js" path="/Users/gabriele/Desktop/G45_project/backend/server.js">
        <metrics statements="18" coveredstatements="18" conditionals="0" coveredconditionals="0" methods="1" coveredmethods="1"/>
        <line num="2" count="1" type="stmt"/>
        <line num="3" count="1" type="stmt"/>
        <line num="6" count="1" type="stmt"/>
        <line num="7" count="1" type="stmt"/>
        <line num="8" count="1" type="stmt"/>
        <line num="9" count="1" type="stmt"/>
        <line num="12" count="1" type="stmt"/>
        <line num="16" count="1" type="stmt"/>
        <line num="26" count="1" type="stmt"/>
        <line num="31" count="1" type="stmt"/>
        <line num="32" count="1" type="stmt"/>
        <line num="34" count="1" type="stmt"/>
        <line num="36" count="1" type="stmt"/>
        <line num="53" count="1" type="stmt"/>
        <line num="54" count="1" type="stmt"/>
        <line num="59" count="1" type="stmt"/>
        <line num="60" count="1" type="stmt"/>
        <line num="63" count="1" type="stmt"/>
      </file>
    </package>
    <package name="backend.api">
      <metrics statements="305" coveredstatements="170" conditionals="96" coveredconditionals="77" methods="95" coveredmethods="30"/>
      <file name="User.js" path="/Users/gabriele/Desktop/G45_project/backend/api/User.js">
        <metrics statements="305" coveredstatements="170" conditionals="96" coveredconditionals="77" methods="95" coveredmethods="30"/>
        <line num="1" count="1" type="stmt"/>
        <line num="2" count="1" type="stmt"/>
        <line num="5" count="1" type="stmt"/>
        <line num="8" count="1" type="stmt"/>
        <line num="11" count="1" type="stmt"/>
        <line num="14" count="1" type="stmt"/>
        <line num="17" count="1" type="stmt"/>
        <line num="20" count="1" type="stmt"/>
        <line num="23" count="1" type="stmt"/>
        <line num="26" count="1" type="stmt"/>
        <line num="29" count="1" type="stmt"/>
        <line num="33" count="1" type="stmt"/>
        <line num="34" count="1" type="stmt"/>
        <line num="37" count="1" type="stmt"/>
        <line num="38" count="1" type="stmt"/>
        <line num="39" count="1" type="stmt"/>
        <line num="40" count="1" type="stmt"/>
        <line num="43" count="1" type="stmt"/>
        <line num="55" count="1" type="stmt"/>
        <line num="56" count="1" type="cond" truecount="1" falsecount="1"/>
        <line num="57" count="0" type="stmt"/>
        <line num="59" count="1" type="stmt"/>
        <line num="60" count="1" type="stmt"/>
        <line num="146" count="1" type="stmt"/>
        <line num="148" count="6" type="stmt"/>
        <line num="150" count="6" type="stmt"/>
        <line num="151" count="6" type="stmt"/>
        <line num="152" count="6" type="stmt"/>
        <line num="153" count="6" type="stmt"/>
        <line num="155" count="6" type="cond" truecount="6" falsecount="0"/>
        <line num="157" count="1" type="stmt"/>
        <line num="162" count="5" type="cond" truecount="2" falsecount="0"/>
        <line num="163" count="1" type="stmt"/>
        <line num="168" count="4" type="cond" truecount="2" falsecount="0"/>
        <line num="169" count="1" type="stmt"/>
        <line num="174" count="3" type="cond" truecount="2" falsecount="0"/>
        <line num="175" count="1" type="stmt"/>
        <line num="180" count="2" type="cond" truecount="2" falsecount="0"/>
        <line num="181" count="1" type="stmt"/>
        <line num="188" count="1" type="stmt"/>
        <line num="190" count="1" type="cond" truecount="1" falsecount="1"/>
        <line num="192" count="1" type="stmt"/>
        <line num="202" count="0" type="stmt"/>
        <line num="203" count="0" type="stmt"/>
        <line num="211" count="0" type="stmt"/>
        <line num="223" count="0" type="stmt"/>
        <line num="226" count="0" type="stmt"/>
        <line num="234" count="0" type="stmt"/>
        <line num="242" count="0" type="stmt"/>
        <line num="243" count="0" type="stmt"/>
        <line num="254" count="1" type="stmt"/>
        <line num="256" count="0" type="stmt"/>
        <line num="259" count="0" type="stmt"/>
        <line num="262" count="0" type="stmt"/>
        <line num="272" count="0" type="stmt"/>
        <line num="276" count="0" type="stmt"/>
        <line num="283" count="0" type="stmt"/>
        <line num="286" count="0" type="stmt"/>
        <line num="290" count="0" type="stmt"/>
        <line num="291" count="0" type="stmt"/>
        <line num="297" count="0" type="stmt"/>
        <line num="298" count="0" type="stmt"/>
        <line num="299" count="0" type="stmt"/>
        <line num="306" count="0" type="stmt"/>
        <line num="307" count="0" type="stmt"/>
        <line num="315" count="0" type="stmt"/>
        <line num="373" count="1" type="stmt"/>
        <line num="374" count="0" type="stmt"/>
        <line num="376" count="0" type="stmt"/>
        <line num="379" count="0" type="cond" truecount="0" falsecount="2"/>
        <line num="382" count="0" type="stmt"/>
        <line num="383" count="0" type="stmt"/>
        <line num="386" count="0" type="cond" truecount="0" falsecount="2"/>
        <line num="388" count="0" type="stmt"/>
        <line num="391" count="0" type="stmt"/>
        <line num="393" count="0" type="stmt"/>
        <line num="394" count="0" type="stmt"/>
        <line num="397" count="0" type="stmt"/>
        <line num="398" count="0" type="stmt"/>
        <line num="402" count="0" type="stmt"/>
        <line num="403" count="0" type="stmt"/>
        <line num="404" count="0" type="stmt"/>
        <line num="411" count="0" type="stmt"/>
        <line num="414" count="0" type="cond" truecount="0" falsecount="2"/>
        <line num="417" count="0" type="stmt"/>
        <line num="420" count="0" type="stmt"/>
        <line num="423" count="0" type="stmt"/>
        <line num="426" count="0" type="stmt"/>
        <line num="427" count="0" type="stmt"/>
        <line num="428" count="0" type="stmt"/>
        <line num="432" count="0" type="stmt"/>
        <line num="433" count="0" type="stmt"/>
        <line num="434" count="0" type="stmt"/>
        <line num="439" count="0" type="stmt"/>
        <line num="440" count="0" type="stmt"/>
        <line num="444" count="0" type="stmt"/>
        <line num="445" count="0" type="stmt"/>
        <line num="450" count="0" type="stmt"/>
        <line num="451" count="0" type="stmt"/>
        <line num="455" count="0" type="stmt"/>
        <line num="456" count="0" type="stmt"/>
        <line num="457" count="0" type="stmt"/>
        <line num="480" count="1" type="stmt"/>
        <line num="481" count="0" type="stmt"/>
        <line num="558" count="1" type="stmt"/>
        <line num="559" count="5" type="stmt"/>
        <line num="561" count="5" type="stmt"/>
        <line num="562" count="5" type="stmt"/>
        <line num="564" count="5" type="cond" truecount="4" falsecount="0"/>
        <line num="565" count="1" type="stmt"/>
        <line num="572" count="4" type="stmt"/>
        <line num="573" count="4" type="cond" truecount="2" falsecount="0"/>
        <line num="578" count="3" type="cond" truecount="2" falsecount="0"/>
        <line num="579" count="1" type="stmt"/>
        <line num="586" count="2" type="stmt"/>
        <line num="587" count="2" type="stmt"/>
        <line num="588" count="2" type="cond" truecount="2" falsecount="0"/>
        <line num="590" count="1" type="stmt"/>
        <line num="597" count="1" type="stmt"/>
        <line num="604" count="0" type="stmt"/>
        <line num="614" count="1" type="stmt"/>
        <line num="621" count="0" type="stmt"/>
        <line num="732" count="1" type="stmt"/>
        <line num="733" count="0" type="stmt"/>
        <line num="736" count="0" type="stmt"/>
        <line num="739" count="0" type="cond" truecount="0" falsecount="2"/>
        <line num="744" count="0" type="cond" truecount="0" falsecount="2"/>
        <line num="745" count="0" type="stmt"/>
        <line num="752" count="0" type="stmt"/>
        <line num="755" count="0" type="stmt"/>
        <line num="763" count="0" type="stmt"/>
        <line num="764" count="0" type="stmt"/>
        <line num="774" count="1" type="stmt"/>
        <line num="775" count="0" type="stmt"/>
        <line num="776" count="0" type="stmt"/>
        <line num="778" count="0" type="stmt"/>
        <line num="782" count="0" type="stmt"/>
        <line num="785" count="0" type="stmt"/>
        <line num="796" count="0" type="stmt"/>
        <line num="800" count="0" type="stmt"/>
        <line num="806" count="0" type="stmt"/>
        <line num="807" count="0" type="stmt"/>
        <line num="809" count="0" type="stmt"/>
        <line num="812" count="0" type="stmt"/>
        <line num="816" count="0" type="stmt"/>
        <line num="822" count="0" type="stmt"/>
        <line num="823" count="0" type="stmt"/>
        <line num="830" count="0" type="stmt"/>
        <line num="831" count="0" type="stmt"/>
        <line num="838" count="0" type="stmt"/>
        <line num="839" count="0" type="stmt"/>
        <line num="847" count="0" type="stmt"/>
        <line num="848" count="0" type="stmt"/>
        <line num="928" count="1" type="stmt"/>
        <line num="929" count="0" type="stmt"/>
        <line num="931" count="0" type="stmt"/>
        <line num="934" count="0" type="cond" truecount="0" falsecount="2"/>
        <line num="939" count="0" type="stmt"/>
        <line num="942" count="0" type="stmt"/>
        <line num="944" count="0" type="stmt"/>
        <line num="947" count="0" type="cond" truecount="0" falsecount="2"/>
        <line num="948" count="0" type="stmt"/>
        <line num="952" count="0" type="stmt"/>
        <line num="960" count="0" type="stmt"/>
        <line num="961" count="0" type="stmt"/>
        <line num="972" count="0" type="stmt"/>
        <line num="975" count="0" type="cond" truecount="0" falsecount="2"/>
        <line num="979" count="0" type="stmt"/>
        <line num="984" count="0" type="stmt"/>
        <line num="988" count="0" type="stmt"/>
        <line num="993" count="0" type="stmt"/>
        <line num="1000" count="0" type="stmt"/>
        <line num="1001" count="0" type="stmt"/>
        <line num="1009" count="0" type="stmt"/>
        <line num="1010" count="0" type="stmt"/>
        <line num="1018" count="0" type="stmt"/>
        <line num="1026" count="0" type="stmt"/>
        <line num="1034" count="0" type="stmt"/>
        <line num="1043" count="0" type="stmt"/>
        <line num="1052" count="0" type="stmt"/>
        <line num="1053" count="0" type="stmt"/>
        <line num="1135" count="1" type="stmt"/>
        <line num="1137" count="4" type="stmt"/>
        <line num="1139" count="4" type="stmt"/>
        <line num="1140" count="4" type="stmt"/>
        <line num="1142" count="4" type="cond" truecount="4" falsecount="0"/>
        <line num="1143" count="1" type="stmt"/>
        <line num="1148" count="3" type="cond" truecount="2" falsecount="0"/>
        <line num="1149" count="1" type="stmt"/>
        <line num="1155" count="2" type="stmt"/>
        <line num="1157" count="2" type="cond" truecount="2" falsecount="0"/>
        <line num="1159" count="1" type="stmt"/>
        <line num="1166" count="1" type="stmt"/>
        <line num="1174" count="1" type="stmt"/>
        <line num="1177" count="1" type="stmt"/>
        <line num="1185" count="0" type="stmt"/>
        <line num="1194" count="0" type="stmt"/>
        <line num="1288" count="1" type="stmt"/>
        <line num="1289" count="3" type="stmt"/>
        <line num="1292" count="3" type="cond" truecount="2" falsecount="0"/>
        <line num="1293" count="1" type="stmt"/>
        <line num="1301" count="2" type="stmt"/>
        <line num="1303" count="2" type="cond" truecount="2" falsecount="0"/>
        <line num="1304" count="1" type="stmt"/>
        <line num="1310" count="1" type="stmt"/>
        <line num="1318" count="0" type="stmt"/>
        <line num="1413" count="1" type="stmt"/>
        <line num="1414" count="3" type="stmt"/>
        <line num="1417" count="3" type="cond" truecount="2" falsecount="0"/>
        <line num="1418" count="1" type="stmt"/>
        <line num="1426" count="2" type="stmt"/>
        <line num="1429" count="2" type="cond" truecount="2" falsecount="0"/>
        <line num="1430" count="1" type="stmt"/>
        <line num="1438" count="1" type="stmt"/>
        <line num="1447" count="0" type="stmt"/>
        <line num="1542" count="1" type="stmt"/>
        <line num="1543" count="3" type="stmt"/>
        <line num="1546" count="3" type="cond" truecount="2" falsecount="0"/>
        <line num="1547" count="1" type="stmt"/>
        <line num="1555" count="2" type="stmt"/>
        <line num="1558" count="2" type="cond" truecount="2" falsecount="0"/>
        <line num="1559" count="1" type="stmt"/>
        <line num="1567" count="1" type="stmt"/>
        <line num="1576" count="0" type="stmt"/>
        <line num="1577" count="0" type="stmt"/>
        <line num="1683" count="1" type="stmt"/>
        <line num="1684" count="3" type="stmt"/>
        <line num="1685" count="3" type="stmt"/>
        <line num="1688" count="3" type="cond" truecount="4" falsecount="0"/>
        <line num="1689" count="1" type="stmt"/>
        <line num="1697" count="2" type="stmt"/>
        <line num="1699" count="2" type="cond" truecount="2" falsecount="0"/>
        <line num="1700" count="1" type="stmt"/>
        <line num="1708" count="1" type="stmt"/>
        <line num="1711" count="1" type="stmt"/>
        <line num="1713" count="1" type="stmt"/>
        <line num="1721" count="0" type="stmt"/>
        <line num="1730" count="0" type="stmt"/>
        <line num="1836" count="1" type="stmt"/>
        <line num="1837" count="3" type="stmt"/>
        <line num="1838" count="3" type="stmt"/>
        <line num="1841" count="3" type="cond" truecount="4" falsecount="0"/>
        <line num="1842" count="1" type="stmt"/>
        <line num="1850" count="2" type="stmt"/>
        <line num="1852" count="2" type="cond" truecount="2" falsecount="0"/>
        <line num="1853" count="1" type="stmt"/>
        <line num="1861" count="1" type="stmt"/>
        <line num="1864" count="1" type="stmt"/>
        <line num="1866" count="1" type="stmt"/>
        <line num="1874" count="0" type="stmt"/>
        <line num="1883" count="0" type="stmt"/>
        <line num="1973" count="1" type="stmt"/>
        <line num="1975" count="4" type="stmt"/>
        <line num="1977" count="4" type="stmt"/>
        <line num="1978" count="4" type="stmt"/>
        <line num="1980" count="4" type="cond" truecount="2" falsecount="0"/>
        <line num="1981" count="1" type="stmt"/>
        <line num="1986" count="3" type="cond" truecount="2" falsecount="0"/>
        <line num="1987" count="1" type="stmt"/>
        <line num="1992" count="2" type="cond" truecount="2" falsecount="0"/>
        <line num="1993" count="1" type="stmt"/>
        <line num="1999" count="1" type="stmt"/>
        <line num="2007" count="1" type="stmt"/>
        <line num="2010" count="1" type="stmt"/>
        <line num="2018" count="0" type="stmt"/>
        <line num="2113" count="1" type="stmt"/>
        <line num="2114" count="3" type="stmt"/>
        <line num="2117" count="3" type="cond" truecount="2" falsecount="0"/>
        <line num="2118" count="1" type="stmt"/>
        <line num="2126" count="2" type="stmt"/>
        <line num="2128" count="2" type="cond" truecount="2" falsecount="0"/>
        <line num="2129" count="1" type="stmt"/>
        <line num="2135" count="1" type="stmt"/>
        <line num="2143" count="0" type="stmt"/>
        <line num="2238" count="1" type="stmt"/>
        <line num="2239" count="2" type="stmt"/>
        <line num="2242" count="2" type="cond" truecount="2" falsecount="0"/>
        <line num="2243" count="1" type="stmt"/>
        <line num="2251" count="1" type="stmt"/>
        <line num="2254" count="1" type="cond" truecount="1" falsecount="1"/>
        <line num="2255" count="0" type="stmt"/>
        <line num="2263" count="1" type="stmt"/>
        <line num="2272" count="0" type="stmt"/>
        <line num="2343" count="1" type="stmt"/>
        <line num="2344" count="2" type="stmt"/>
        <line num="2345" count="2" type="stmt"/>
        <line num="2346" count="2" type="cond" truecount="4" falsecount="0"/>
        <line num="2347" count="1" type="stmt"/>
        <line num="2353" count="1" type="stmt"/>
        <line num="2354" count="1" type="stmt"/>
        <line num="2356" count="1" type="stmt"/>
        <line num="2363" count="0" type="stmt"/>
        <line num="2418" count="1" type="stmt"/>
        <line num="2419" count="2" type="stmt"/>
        <line num="2420" count="2" type="stmt"/>
        <line num="2421" count="2" type="cond" truecount="2" falsecount="0"/>
        <line num="2422" count="1" type="stmt"/>
        <line num="2428" count="1" type="stmt"/>
        <line num="2434" count="0" type="stmt"/>
        <line num="2485" count="1" type="stmt"/>
        <line num="2486" count="1" type="stmt"/>
        <line num="2487" count="1" type="stmt"/>
        <line num="2488" count="1" type="stmt"/>
        <line num="2495" count="0" type="stmt"/>
        <line num="2504" count="1" type="stmt"/>
      </file>
    </package>
    <package name="backend.config">
      <metrics statements="5" coveredstatements="4" conditionals="0" coveredconditionals="0" methods="2" coveredmethods="1"/>
      <file name="db.js" path="/Users/gabriele/Desktop/G45_project/backend/config/db.js">
        <metrics statements="5" coveredstatements="4" conditionals="0" coveredconditionals="0" methods="2" coveredmethods="1"/>
        <line num="1" count="1" type="stmt"/>
        <line num="2" count="1" type="stmt"/>
        <line num="4" count="1" type="stmt"/>
        <line num="9" count="1" type="stmt"/>
        <line num="11" count="0" type="stmt"/>
      </file>
    </package>
    <package name="backend.models">
      <metrics statements="30" coveredstatements="30" conditionals="0" coveredconditionals="0" methods="0" coveredmethods="0"/>
      <file name="Budget.js" path="/Users/gabriele/Desktop/G45_project/backend/models/Budget.js">
        <metrics statements="5" coveredstatements="5" conditionals="0" coveredconditionals="0" methods="0" coveredmethods="0"/>
        <line num="1" count="1" type="stmt"/>
        <line num="3" count="1" type="stmt"/>
        <line num="5" count="1" type="stmt"/>
        <line num="15" count="1" type="stmt"/>
        <line num="17" count="1" type="stmt"/>
      </file>
      <file name="News.js" path="/Users/gabriele/Desktop/G45_project/backend/models/News.js">
        <metrics statements="5" coveredstatements="5" conditionals="0" coveredconditionals="0" methods="0" coveredmethods="0"/>
        <line num="1" count="1" type="stmt"/>
        <line num="3" count="1" type="stmt"/>
        <line num="5" count="1" type="stmt"/>
        <line num="11" count="1" type="stmt"/>
        <line num="13" count="1" type="stmt"/>
      </file>
      <file name="PasswordReset.js" path="/Users/gabriele/Desktop/G45_project/backend/models/PasswordReset.js">
        <metrics statements="5" coveredstatements="5" conditionals="0" coveredconditionals="0" methods="0" coveredmethods="0"/>
        <line num="1" count="1" type="stmt"/>
        <line num="3" count="1" type="stmt"/>
        <line num="5" count="1" type="stmt"/>
        <line num="13" count="1" type="stmt"/>
        <line num="15" count="1" type="stmt"/>
      </file>
      <file name="Transaction.js" path="/Users/gabriele/Desktop/G45_project/backend/models/Transaction.js">
        <metrics statements="5" coveredstatements="5" conditionals="0" coveredconditionals="0" methods="0" coveredmethods="0"/>
        <line num="1" count="1" type="stmt"/>
        <line num="3" count="1" type="stmt"/>
        <line num="5" count="1" type="stmt"/>
        <line num="15" count="1" type="stmt"/>
        <line num="17" count="1" type="stmt"/>
      </file>
      <file name="User.js" path="/Users/gabriele/Desktop/G45_project/backend/models/User.js">
        <metrics statements="5" coveredstatements="5" conditionals="0" coveredconditionals="0" methods="0" coveredmethods="0"/>
        <line num="3" count="1" type="stmt"/>
        <line num="7" count="1" type="stmt"/>
        <line num="10" count="1" type="stmt"/>
        <line num="20" count="1" type="stmt"/>
        <line num="24" count="1" type="stmt"/>
      </file>
      <file name="UserVerification.js" path="/Users/gabriele/Desktop/G45_project/backend/models/UserVerification.js">
        <metrics statements="5" coveredstatements="5" conditionals="0" coveredconditionals="0" methods="0" coveredmethods="0"/>
        <line num="1" count="1" type="stmt"/>
        <line num="3" count="1" type="stmt"/>
        <line num="5" count="1" type="stmt"/>
        <line num="13" count="1" type="stmt"/>
        <line num="15" count="1" type="stmt"/>
      </file>
    </package>
  </project>
</coverage>
