{"/Users/gabriele/Desktop/G45_project/backend/server.js": {"path":"/Users/gabriele/Desktop/G45_project/backend/server.js","statementMap":{"0":{"start":{"line":2,"column":0},"end":{"line":2,"column":23}},"1":{"start":{"line":3,"column":0},"end":{"line":3,"column":18}},"2":{"start":{"line":6,"column":12},"end":{"line":6,"column":32}},"3":{"start":{"line":7,"column":19},"end":{"line":7,"column":40}},"4":{"start":{"line":8,"column":21},"end":{"line":8,"column":45}},"5":{"start":{"line":9,"column":18},"end":{"line":9,"column":47}},"6":{"start":{"line":12,"column":13},"end":{"line":12,"column":17}},"7":{"start":{"line":16,"column":13},"end":{"line":16,"column":28}},"8":{"start":{"line":26,"column":0},"end":{"line":26,"column":16}},"9":{"start":{"line":31,"column":19},"end":{"line":31,"column":42}},"10":{"start":{"line":32,"column":0},"end":{"line":32,"column":22}},"11":{"start":{"line":34,"column":0},"end":{"line":34,"column":29}},"12":{"start":{"line":36,"column":16},"end":{"line":51,"column":1}},"13":{"start":{"line":53,"column":14},"end":{"line":53,"column":35}},"14":{"start":{"line":54,"column":0},"end":{"line":58,"column":1}},"15":{"start":{"line":59,"column":0},"end":{"line":61,"column":3}},"16":{"start":{"line":60,"column":4},"end":{"line":60,"column":50}},"17":{"start":{"line":63,"column":0},"end":{"line":63,"column":21}}},"fnMap":{"0":{"name":"(anonymous_0)","decl":{"start":{"line":59,"column":17},"end":{"line":59,"column":18}},"loc":{"start":{"line":59,"column":23},"end":{"line":61,"column":1}},"line":59}},"branchMap":{},"s":{"0":1,"1":1,"2":1,"3":1,"4":1,"5":1,"6":1,"7":1,"8":1,"9":1,"10":1,"11":1,"12":1,"13":1,"14":1,"15":1,"16":1,"17":1},"f":{"0":1},"b":{},"_coverageSchema":"1a1c01bbd47fc00a2c39e90264f33305004495a9","hash":"d078172da477dc732607444ca32e9370622c649f"}
,"/Users/gabriele/Desktop/G45_project/backend/api/User.js": {"path":"/Users/gabriele/Desktop/G45_project/backend/api/User.js","statementMap":{"0":{"start":{"line":1,"column":16},"end":{"line":1,"column":34}},"1":{"start":{"line":2,"column":15},"end":{"line":2,"column":31}},"2":{"start":{"line":5,"column":13},"end":{"line":5,"column":40}},"3":{"start":{"line":8,"column":25},"end":{"line":8,"column":64}},"4":{"start":{"line":11,"column":22},"end":{"line":11,"column":58}},"5":{"start":{"line":14,"column":15},"end":{"line":14,"column":44}},"6":{"start":{"line":17,"column":20},"end":{"line":17,"column":54}},"7":{"start":{"line":20,"column":13},"end":{"line":20,"column":40}},"8":{"start":{"line":23,"column":19},"end":{"line":23,"column":40}},"9":{"start":{"line":26,"column":21},"end":{"line":26,"column":36}},"10":{"start":{"line":29,"column":0},"end":{"line":29,"column":27}},"11":{"start":{"line":33,"column":15},"end":{"line":33,"column":32}},"12":{"start":{"line":34,"column":19},"end":{"line":34,"column":21}},"13":{"start":{"line":37,"column":13},"end":{"line":37,"column":28}},"14":{"start":{"line":38,"column":16},"end":{"line":38,"column":34}},"15":{"start":{"line":39,"column":12},"end":{"line":39,"column":32}},"16":{"start":{"line":40,"column":16},"end":{"line":40,"column":35}},"17":{"start":{"line":43,"column":18},"end":{"line":52,"column":2}},"18":{"start":{"line":55,"column":0},"end":{"line":62,"column":3}},"19":{"start":{"line":56,"column":4},"end":{"line":61,"column":5}},"20":{"start":{"line":57,"column":8},"end":{"line":57,"column":27}},"21":{"start":{"line":59,"column":8},"end":{"line":59,"column":41}},"22":{"start":{"line":60,"column":8},"end":{"line":60,"column":29}},"23":{"start":{"line":146,"column":0},"end":{"line":250,"column":3}},"24":{"start":{"line":148,"column":47},"end":{"line":148,"column":55}},"25":{"start":{"line":150,"column":4},"end":{"line":150,"column":23}},"26":{"start":{"line":151,"column":4},"end":{"line":151,"column":25}},"27":{"start":{"line":152,"column":4},"end":{"line":152,"column":31}},"28":{"start":{"line":153,"column":4},"end":{"line":153,"column":37}},"29":{"start":{"line":155,"column":4},"end":{"line":249,"column":5}},"30":{"start":{"line":157,"column":8},"end":{"line":161,"column":11}},"31":{"start":{"line":162,"column":11},"end":{"line":249,"column":5}},"32":{"start":{"line":163,"column":8},"end":{"line":167,"column":11}},"33":{"start":{"line":168,"column":11},"end":{"line":249,"column":5}},"34":{"start":{"line":169,"column":8},"end":{"line":173,"column":11}},"35":{"start":{"line":174,"column":11},"end":{"line":249,"column":5}},"36":{"start":{"line":175,"column":8},"end":{"line":179,"column":11}},"37":{"start":{"line":180,"column":11},"end":{"line":249,"column":5}},"38":{"start":{"line":181,"column":8},"end":{"line":185,"column":11}},"39":{"start":{"line":188,"column":8},"end":{"line":248,"column":11}},"40":{"start":{"line":190,"column":16},"end":{"line":240,"column":17}},"41":{"start":{"line":192,"column":20},"end":{"line":196,"column":23}},"42":{"start":{"line":202,"column":20},"end":{"line":239,"column":27}},"43":{"start":{"line":203,"column":40},"end":{"line":209,"column":26}},"44":{"start":{"line":211,"column":24},"end":{"line":231,"column":31}},"45":{"start":{"line":223,"column":32},"end":{"line":223,"column":67}},"46":{"start":{"line":226,"column":32},"end":{"line":230,"column":35}},"47":{"start":{"line":234,"column":28},"end":{"line":238,"column":31}},"48":{"start":{"line":242,"column":12},"end":{"line":242,"column":29}},"49":{"start":{"line":243,"column":12},"end":{"line":247,"column":15}},"50":{"start":{"line":254,"column":30},"end":{"line":320,"column":1}},"51":{"start":{"line":256,"column":23},"end":{"line":256,"column":47}},"52":{"start":{"line":259,"column":25},"end":{"line":259,"column":39}},"53":{"start":{"line":262,"column":24},"end":{"line":269,"column":5}},"54":{"start":{"line":272,"column":4},"end":{"line":319,"column":10}},"55":{"start":{"line":276,"column":36},"end":{"line":281,"column":14}},"56":{"start":{"line":283,"column":12},"end":{"line":312,"column":18}},"57":{"start":{"line":286,"column":20},"end":{"line":303,"column":26}},"58":{"start":{"line":290,"column":28},"end":{"line":290,"column":47}},"59":{"start":{"line":291,"column":28},"end":{"line":294,"column":31}},"60":{"start":{"line":297,"column":28},"end":{"line":297,"column":47}},"61":{"start":{"line":298,"column":28},"end":{"line":298,"column":47}},"62":{"start":{"line":299,"column":28},"end":{"line":302,"column":31}},"63":{"start":{"line":306,"column":20},"end":{"line":306,"column":39}},"64":{"start":{"line":307,"column":20},"end":{"line":310,"column":23}},"65":{"start":{"line":315,"column":12},"end":{"line":318,"column":14}},"66":{"start":{"line":373,"column":0},"end":{"line":459,"column":3}},"67":{"start":{"line":374,"column":33},"end":{"line":374,"column":43}},"68":{"start":{"line":376,"column":4},"end":{"line":458,"column":10}},"69":{"start":{"line":379,"column":12},"end":{"line":452,"column":13}},"70":{"start":{"line":382,"column":36},"end":{"line":382,"column":45}},"71":{"start":{"line":383,"column":43},"end":{"line":383,"column":65}},"72":{"start":{"line":386,"column":16},"end":{"line":447,"column":17}},"73":{"start":{"line":388,"column":20},"end":{"line":405,"column":26}},"74":{"start":{"line":391,"column":28},"end":{"line":399,"column":34}},"75":{"start":{"line":393,"column":50},"end":{"line":393,"column":90}},"76":{"start":{"line":394,"column":36},"end":{"line":394,"column":97}},"77":{"start":{"line":397,"column":50},"end":{"line":397,"column":99}},"78":{"start":{"line":398,"column":36},"end":{"line":398,"column":97}},"79":{"start":{"line":402,"column":28},"end":{"line":402,"column":47}},"80":{"start":{"line":403,"column":42},"end":{"line":403,"column":107}},"81":{"start":{"line":404,"column":28},"end":{"line":404,"column":89}},"82":{"start":{"line":411,"column":20},"end":{"line":446,"column":26}},"83":{"start":{"line":414,"column":28},"end":{"line":441,"column":29}},"84":{"start":{"line":417,"column":32},"end":{"line":435,"column":38}},"85":{"start":{"line":420,"column":40},"end":{"line":429,"column":46}},"86":{"start":{"line":423,"column":48},"end":{"line":423,"column":111}},"87":{"start":{"line":426,"column":48},"end":{"line":426,"column":67}},"88":{"start":{"line":427,"column":62},"end":{"line":427,"column":122}},"89":{"start":{"line":428,"column":48},"end":{"line":428,"column":109}},"90":{"start":{"line":432,"column":40},"end":{"line":432,"column":59}},"91":{"start":{"line":433,"column":54},"end":{"line":433,"column":116}},"92":{"start":{"line":434,"column":40},"end":{"line":434,"column":101}},"93":{"start":{"line":439,"column":46},"end":{"line":439,"column":101}},"94":{"start":{"line":440,"column":32},"end":{"line":440,"column":93}},"95":{"start":{"line":444,"column":42},"end":{"line":444,"column":92}},"96":{"start":{"line":445,"column":28},"end":{"line":445,"column":89}},"97":{"start":{"line":450,"column":30},"end":{"line":450,"column":116}},"98":{"start":{"line":451,"column":16},"end":{"line":451,"column":77}},"99":{"start":{"line":455,"column":12},"end":{"line":455,"column":31}},"100":{"start":{"line":456,"column":26},"end":{"line":456,"column":97}},"101":{"start":{"line":457,"column":12},"end":{"line":457,"column":73}},"102":{"start":{"line":480,"column":0},"end":{"line":482,"column":2}},"103":{"start":{"line":481,"column":4},"end":{"line":481,"column":67}},"104":{"start":{"line":558,"column":0},"end":{"line":628,"column":3}},"105":{"start":{"line":559,"column":28},"end":{"line":559,"column":36}},"106":{"start":{"line":561,"column":4},"end":{"line":561,"column":25}},"107":{"start":{"line":562,"column":4},"end":{"line":562,"column":31}},"108":{"start":{"line":564,"column":4},"end":{"line":627,"column":5}},"109":{"start":{"line":565,"column":8},"end":{"line":569,"column":10}},"110":{"start":{"line":572,"column":8},"end":{"line":626,"column":10}},"111":{"start":{"line":573,"column":12},"end":{"line":619,"column":13}},"112":{"start":{"line":578,"column":16},"end":{"line":611,"column":17}},"113":{"start":{"line":579,"column":20},"end":{"line":583,"column":23}},"114":{"start":{"line":586,"column":43},"end":{"line":586,"column":59}},"115":{"start":{"line":587,"column":20},"end":{"line":609,"column":22}},"116":{"start":{"line":588,"column":24},"end":{"line":602,"column":25}},"117":{"start":{"line":590,"column":28},"end":{"line":595,"column":30}},"118":{"start":{"line":597,"column":28},"end":{"line":601,"column":31}},"119":{"start":{"line":604,"column":24},"end":{"line":608,"column":27}},"120":{"start":{"line":614,"column":16},"end":{"line":618,"column":18}},"121":{"start":{"line":621,"column":12},"end":{"line":625,"column":14}},"122":{"start":{"line":732,"column":0},"end":{"line":770,"column":2}},"123":{"start":{"line":733,"column":33},"end":{"line":733,"column":41}},"124":{"start":{"line":736,"column":4},"end":{"line":769,"column":10}},"125":{"start":{"line":739,"column":12},"end":{"line":760,"column":13}},"126":{"start":{"line":744,"column":16},"end":{"line":753,"column":17}},"127":{"start":{"line":745,"column":20},"end":{"line":749,"column":23}},"128":{"start":{"line":752,"column":20},"end":{"line":752,"column":62}},"129":{"start":{"line":755,"column":16},"end":{"line":759,"column":19}},"130":{"start":{"line":763,"column":12},"end":{"line":763,"column":31}},"131":{"start":{"line":764,"column":12},"end":{"line":768,"column":15}},"132":{"start":{"line":774,"column":23},"end":{"line":853,"column":1}},"133":{"start":{"line":775,"column":24},"end":{"line":775,"column":38}},"134":{"start":{"line":776,"column":4},"end":{"line":776,"column":30}},"135":{"start":{"line":778,"column":4},"end":{"line":852,"column":10}},"136":{"start":{"line":782,"column":12},"end":{"line":782,"column":65}},"137":{"start":{"line":785,"column":32},"end":{"line":792,"column":13}},"138":{"start":{"line":796,"column":12},"end":{"line":843,"column":18}},"139":{"start":{"line":800,"column":45},"end":{"line":805,"column":22}},"140":{"start":{"line":806,"column":20},"end":{"line":806,"column":70}},"141":{"start":{"line":807,"column":20},"end":{"line":807,"column":69}},"142":{"start":{"line":809,"column":20},"end":{"line":835,"column":26}},"143":{"start":{"line":812,"column":28},"end":{"line":827,"column":34}},"144":{"start":{"line":816,"column":36},"end":{"line":819,"column":39}},"145":{"start":{"line":822,"column":36},"end":{"line":822,"column":54}},"146":{"start":{"line":823,"column":36},"end":{"line":826,"column":39}},"147":{"start":{"line":830,"column":28},"end":{"line":830,"column":46}},"148":{"start":{"line":831,"column":28},"end":{"line":834,"column":31}},"149":{"start":{"line":838,"column":20},"end":{"line":838,"column":38}},"150":{"start":{"line":839,"column":20},"end":{"line":842,"column":23}},"151":{"start":{"line":847,"column":12},"end":{"line":847,"column":31}},"152":{"start":{"line":848,"column":12},"end":{"line":851,"column":15}},"153":{"start":{"line":928,"column":0},"end":{"line":1060,"column":2}},"154":{"start":{"line":929,"column":45},"end":{"line":929,"column":53}},"155":{"start":{"line":931,"column":4},"end":{"line":1058,"column":10}},"156":{"start":{"line":934,"column":12},"end":{"line":1049,"column":13}},"157":{"start":{"line":939,"column":32},"end":{"line":939,"column":42}},"158":{"start":{"line":942,"column":36},"end":{"line":942,"column":45}},"159":{"start":{"line":944,"column":42},"end":{"line":944,"column":63}},"160":{"start":{"line":947,"column":16},"end":{"line":1040,"column":17}},"161":{"start":{"line":948,"column":20},"end":{"line":966,"column":26}},"162":{"start":{"line":952,"column":28},"end":{"line":956,"column":31}},"163":{"start":{"line":960,"column":28},"end":{"line":960,"column":46}},"164":{"start":{"line":961,"column":28},"end":{"line":965,"column":31}},"165":{"start":{"line":972,"column":20},"end":{"line":1039,"column":26}},"166":{"start":{"line":975,"column":28},"end":{"line":1031,"column":29}},"167":{"start":{"line":979,"column":32},"end":{"line":1023,"column":38}},"168":{"start":{"line":984,"column":40},"end":{"line":1015,"column":46}},"169":{"start":{"line":988,"column":48},"end":{"line":1006,"column":54}},"170":{"start":{"line":993,"column":56},"end":{"line":997,"column":59}},"171":{"start":{"line":1000,"column":56},"end":{"line":1000,"column":75}},"172":{"start":{"line":1001,"column":56},"end":{"line":1005,"column":59}},"173":{"start":{"line":1009,"column":48},"end":{"line":1009,"column":67}},"174":{"start":{"line":1010,"column":48},"end":{"line":1014,"column":51}},"175":{"start":{"line":1018,"column":40},"end":{"line":1022,"column":43}},"176":{"start":{"line":1026,"column":32},"end":{"line":1030,"column":35}},"177":{"start":{"line":1034,"column":28},"end":{"line":1038,"column":31}},"178":{"start":{"line":1043,"column":16},"end":{"line":1047,"column":19}},"179":{"start":{"line":1052,"column":12},"end":{"line":1052,"column":31}},"180":{"start":{"line":1053,"column":12},"end":{"line":1057,"column":15}},"181":{"start":{"line":1135,"column":0},"end":{"line":1201,"column":3}},"182":{"start":{"line":1137,"column":46},"end":{"line":1137,"column":54}},"183":{"start":{"line":1139,"column":4},"end":{"line":1139,"column":23}},"184":{"start":{"line":1140,"column":4},"end":{"line":1140,"column":37}},"185":{"start":{"line":1142,"column":4},"end":{"line":1200,"column":5}},"186":{"start":{"line":1143,"column":8},"end":{"line":1147,"column":11}},"187":{"start":{"line":1148,"column":11},"end":{"line":1200,"column":5}},"188":{"start":{"line":1149,"column":8},"end":{"line":1153,"column":10}},"189":{"start":{"line":1155,"column":8},"end":{"line":1199,"column":15}},"190":{"start":{"line":1157,"column":16},"end":{"line":1191,"column":17}},"191":{"start":{"line":1159,"column":20},"end":{"line":1163,"column":23}},"192":{"start":{"line":1166,"column":38},"end":{"line":1173,"column":22}},"193":{"start":{"line":1174,"column":20},"end":{"line":1190,"column":27}},"194":{"start":{"line":1177,"column":28},"end":{"line":1182,"column":30}},"195":{"start":{"line":1185,"column":28},"end":{"line":1189,"column":31}},"196":{"start":{"line":1194,"column":16},"end":{"line":1198,"column":19}},"197":{"start":{"line":1288,"column":0},"end":{"line":1325,"column":3}},"198":{"start":{"line":1289,"column":21},"end":{"line":1289,"column":34}},"199":{"start":{"line":1292,"column":4},"end":{"line":1298,"column":5}},"200":{"start":{"line":1293,"column":8},"end":{"line":1297,"column":11}},"201":{"start":{"line":1301,"column":4},"end":{"line":1324,"column":11}},"202":{"start":{"line":1303,"column":12},"end":{"line":1309,"column":13}},"203":{"start":{"line":1304,"column":16},"end":{"line":1308,"column":19}},"204":{"start":{"line":1310,"column":12},"end":{"line":1315,"column":15}},"205":{"start":{"line":1318,"column":12},"end":{"line":1323,"column":15}},"206":{"start":{"line":1413,"column":0},"end":{"line":1454,"column":3}},"207":{"start":{"line":1414,"column":21},"end":{"line":1414,"column":34}},"208":{"start":{"line":1417,"column":4},"end":{"line":1423,"column":5}},"209":{"start":{"line":1418,"column":8},"end":{"line":1422,"column":11}},"210":{"start":{"line":1426,"column":4},"end":{"line":1453,"column":11}},"211":{"start":{"line":1429,"column":12},"end":{"line":1435,"column":13}},"212":{"start":{"line":1430,"column":16},"end":{"line":1434,"column":19}},"213":{"start":{"line":1438,"column":12},"end":{"line":1443,"column":15}},"214":{"start":{"line":1447,"column":12},"end":{"line":1452,"column":15}},"215":{"start":{"line":1542,"column":0},"end":{"line":1584,"column":3}},"216":{"start":{"line":1543,"column":19},"end":{"line":1543,"column":32}},"217":{"start":{"line":1546,"column":4},"end":{"line":1552,"column":5}},"218":{"start":{"line":1547,"column":8},"end":{"line":1551,"column":11}},"219":{"start":{"line":1555,"column":4},"end":{"line":1583,"column":11}},"220":{"start":{"line":1558,"column":12},"end":{"line":1564,"column":13}},"221":{"start":{"line":1559,"column":16},"end":{"line":1563,"column":19}},"222":{"start":{"line":1567,"column":12},"end":{"line":1572,"column":15}},"223":{"start":{"line":1576,"column":12},"end":{"line":1576,"column":60}},"224":{"start":{"line":1577,"column":12},"end":{"line":1582,"column":15}},"225":{"start":{"line":1683,"column":0},"end":{"line":1737,"column":3}},"226":{"start":{"line":1684,"column":23},"end":{"line":1684,"column":33}},"227":{"start":{"line":1685,"column":20},"end":{"line":1685,"column":28}},"228":{"start":{"line":1688,"column":4},"end":{"line":1694,"column":5}},"229":{"start":{"line":1689,"column":8},"end":{"line":1693,"column":11}},"230":{"start":{"line":1697,"column":4},"end":{"line":1736,"column":11}},"231":{"start":{"line":1699,"column":12},"end":{"line":1705,"column":13}},"232":{"start":{"line":1700,"column":16},"end":{"line":1704,"column":19}},"233":{"start":{"line":1708,"column":12},"end":{"line":1708,"column":48}},"234":{"start":{"line":1711,"column":12},"end":{"line":1727,"column":19}},"235":{"start":{"line":1713,"column":20},"end":{"line":1718,"column":23}},"236":{"start":{"line":1721,"column":20},"end":{"line":1726,"column":23}},"237":{"start":{"line":1730,"column":12},"end":{"line":1735,"column":15}},"238":{"start":{"line":1836,"column":0},"end":{"line":1890,"column":3}},"239":{"start":{"line":1837,"column":23},"end":{"line":1837,"column":33}},"240":{"start":{"line":1838,"column":20},"end":{"line":1838,"column":28}},"241":{"start":{"line":1841,"column":4},"end":{"line":1847,"column":5}},"242":{"start":{"line":1842,"column":8},"end":{"line":1846,"column":11}},"243":{"start":{"line":1850,"column":4},"end":{"line":1889,"column":11}},"244":{"start":{"line":1852,"column":12},"end":{"line":1858,"column":13}},"245":{"start":{"line":1853,"column":16},"end":{"line":1857,"column":19}},"246":{"start":{"line":1861,"column":12},"end":{"line":1861,"column":48}},"247":{"start":{"line":1864,"column":12},"end":{"line":1880,"column":19}},"248":{"start":{"line":1866,"column":20},"end":{"line":1871,"column":23}},"249":{"start":{"line":1874,"column":20},"end":{"line":1879,"column":23}},"250":{"start":{"line":1883,"column":12},"end":{"line":1888,"column":15}},"251":{"start":{"line":1973,"column":0},"end":{"line":2025,"column":3}},"252":{"start":{"line":1975,"column":48},"end":{"line":1975,"column":56}},"253":{"start":{"line":1977,"column":4},"end":{"line":1977,"column":23}},"254":{"start":{"line":1978,"column":4},"end":{"line":1978,"column":37}},"255":{"start":{"line":1980,"column":4},"end":{"line":2024,"column":5}},"256":{"start":{"line":1981,"column":8},"end":{"line":1985,"column":11}},"257":{"start":{"line":1986,"column":11},"end":{"line":2024,"column":5}},"258":{"start":{"line":1987,"column":8},"end":{"line":1991,"column":10}},"259":{"start":{"line":1992,"column":11},"end":{"line":2024,"column":5}},"260":{"start":{"line":1993,"column":8},"end":{"line":1997,"column":10}},"261":{"start":{"line":1999,"column":31},"end":{"line":2006,"column":10}},"262":{"start":{"line":2007,"column":8},"end":{"line":2023,"column":15}},"263":{"start":{"line":2010,"column":16},"end":{"line":2015,"column":18}},"264":{"start":{"line":2018,"column":16},"end":{"line":2022,"column":19}},"265":{"start":{"line":2113,"column":0},"end":{"line":2150,"column":3}},"266":{"start":{"line":2114,"column":20},"end":{"line":2114,"column":33}},"267":{"start":{"line":2117,"column":4},"end":{"line":2123,"column":5}},"268":{"start":{"line":2118,"column":8},"end":{"line":2122,"column":11}},"269":{"start":{"line":2126,"column":4},"end":{"line":2149,"column":11}},"270":{"start":{"line":2128,"column":12},"end":{"line":2134,"column":13}},"271":{"start":{"line":2129,"column":16},"end":{"line":2133,"column":19}},"272":{"start":{"line":2135,"column":12},"end":{"line":2140,"column":15}},"273":{"start":{"line":2143,"column":12},"end":{"line":2148,"column":15}},"274":{"start":{"line":2238,"column":0},"end":{"line":2279,"column":3}},"275":{"start":{"line":2239,"column":20},"end":{"line":2239,"column":33}},"276":{"start":{"line":2242,"column":4},"end":{"line":2248,"column":5}},"277":{"start":{"line":2243,"column":8},"end":{"line":2247,"column":11}},"278":{"start":{"line":2251,"column":4},"end":{"line":2278,"column":11}},"279":{"start":{"line":2254,"column":12},"end":{"line":2260,"column":13}},"280":{"start":{"line":2255,"column":16},"end":{"line":2259,"column":19}},"281":{"start":{"line":2263,"column":12},"end":{"line":2268,"column":15}},"282":{"start":{"line":2272,"column":12},"end":{"line":2277,"column":15}},"283":{"start":{"line":2343,"column":0},"end":{"line":2365,"column":3}},"284":{"start":{"line":2344,"column":4},"end":{"line":2364,"column":5}},"285":{"start":{"line":2345,"column":29},"end":{"line":2345,"column":37}},"286":{"start":{"line":2346,"column":8},"end":{"line":2352,"column":9}},"287":{"start":{"line":2347,"column":12},"end":{"line":2351,"column":15}},"288":{"start":{"line":2353,"column":21},"end":{"line":2353,"column":43}},"289":{"start":{"line":2354,"column":8},"end":{"line":2354,"column":26}},"290":{"start":{"line":2356,"column":8},"end":{"line":2361,"column":11}},"291":{"start":{"line":2363,"column":8},"end":{"line":2363,"column":18}},"292":{"start":{"line":2418,"column":0},"end":{"line":2436,"column":3}},"293":{"start":{"line":2419,"column":4},"end":{"line":2435,"column":5}},"294":{"start":{"line":2420,"column":28},"end":{"line":2420,"column":71}},"295":{"start":{"line":2421,"column":8},"end":{"line":2427,"column":9}},"296":{"start":{"line":2422,"column":12},"end":{"line":2426,"column":15}},"297":{"start":{"line":2428,"column":8},"end":{"line":2432,"column":11}},"298":{"start":{"line":2434,"column":8},"end":{"line":2434,"column":18}},"299":{"start":{"line":2485,"column":0},"end":{"line":2502,"column":3}},"300":{"start":{"line":2486,"column":4},"end":{"line":2501,"column":5}},"301":{"start":{"line":2487,"column":24},"end":{"line":2487,"column":41}},"302":{"start":{"line":2488,"column":8},"end":{"line":2493,"column":11}},"303":{"start":{"line":2495,"column":8},"end":{"line":2500,"column":11}},"304":{"start":{"line":2504,"column":0},"end":{"line":2504,"column":24}}},"fnMap":{"0":{"name":"(anonymous_0)","decl":{"start":{"line":55,"column":19},"end":{"line":55,"column":20}},"loc":{"start":{"line":55,"column":39},"end":{"line":62,"column":1}},"line":55},"1":{"name":"(anonymous_1)","decl":{"start":{"line":146,"column":23},"end":{"line":146,"column":24}},"loc":{"start":{"line":146,"column":37},"end":{"line":250,"column":1}},"line":146},"2":{"name":"(anonymous_2)","decl":{"start":{"line":189,"column":18},"end":{"line":189,"column":19}},"loc":{"start":{"line":189,"column":28},"end":{"line":241,"column":13}},"line":189},"3":{"name":"(anonymous_3)","decl":{"start":{"line":202,"column":59},"end":{"line":202,"column":60}},"loc":{"start":{"line":202,"column":77},"end":{"line":232,"column":21}},"line":202},"4":{"name":"(anonymous_4)","decl":{"start":{"line":213,"column":34},"end":{"line":213,"column":35}},"loc":{"start":{"line":213,"column":46},"end":{"line":224,"column":29}},"line":213},"5":{"name":"(anonymous_5)","decl":{"start":{"line":225,"column":35},"end":{"line":225,"column":36}},"loc":{"start":{"line":225,"column":44},"end":{"line":231,"column":29}},"line":225},"6":{"name":"(anonymous_6)","decl":{"start":{"line":233,"column":31},"end":{"line":233,"column":32}},"loc":{"start":{"line":233,"column":38},"end":{"line":239,"column":25}},"line":233},"7":{"name":"(anonymous_7)","decl":{"start":{"line":241,"column":21},"end":{"line":241,"column":22}},"loc":{"start":{"line":241,"column":28},"end":{"line":248,"column":9}},"line":241},"8":{"name":"(anonymous_8)","decl":{"start":{"line":254,"column":30},"end":{"line":254,"column":31}},"loc":{"start":{"line":254,"column":53},"end":{"line":320,"column":1}},"line":254},"9":{"name":"(anonymous_9)","decl":{"start":{"line":274,"column":14},"end":{"line":274,"column":15}},"loc":{"start":{"line":274,"column":38},"end":{"line":313,"column":9}},"line":274},"10":{"name":"(anonymous_10)","decl":{"start":{"line":285,"column":22},"end":{"line":285,"column":23}},"loc":{"start":{"line":285,"column":28},"end":{"line":304,"column":17}},"line":285},"11":{"name":"(anonymous_11)","decl":{"start":{"line":288,"column":30},"end":{"line":288,"column":31}},"loc":{"start":{"line":288,"column":36},"end":{"line":295,"column":25}},"line":288},"12":{"name":"(anonymous_12)","decl":{"start":{"line":296,"column":31},"end":{"line":296,"column":32}},"loc":{"start":{"line":296,"column":42},"end":{"line":303,"column":25}},"line":296},"13":{"name":"(anonymous_13)","decl":{"start":{"line":305,"column":23},"end":{"line":305,"column":24}},"loc":{"start":{"line":305,"column":34},"end":{"line":312,"column":17}},"line":305},"14":{"name":"(anonymous_14)","decl":{"start":{"line":314,"column":15},"end":{"line":314,"column":16}},"loc":{"start":{"line":314,"column":21},"end":{"line":319,"column":9}},"line":314},"15":{"name":"(anonymous_15)","decl":{"start":{"line":373,"column":44},"end":{"line":373,"column":45}},"loc":{"start":{"line":373,"column":58},"end":{"line":459,"column":1}},"line":373},"16":{"name":"(anonymous_16)","decl":{"start":{"line":378,"column":14},"end":{"line":378,"column":15}},"loc":{"start":{"line":378,"column":26},"end":{"line":453,"column":9}},"line":378},"17":{"name":"(anonymous_17)","decl":{"start":{"line":390,"column":30},"end":{"line":390,"column":31}},"loc":{"start":{"line":390,"column":40},"end":{"line":400,"column":25}},"line":390},"18":{"name":"(anonymous_18)","decl":{"start":{"line":392,"column":38},"end":{"line":392,"column":39}},"loc":{"start":{"line":392,"column":44},"end":{"line":395,"column":33}},"line":392},"19":{"name":"(anonymous_19)","decl":{"start":{"line":396,"column":39},"end":{"line":396,"column":40}},"loc":{"start":{"line":396,"column":50},"end":{"line":399,"column":33}},"line":396},"20":{"name":"(anonymous_20)","decl":{"start":{"line":401,"column":31},"end":{"line":401,"column":32}},"loc":{"start":{"line":401,"column":42},"end":{"line":405,"column":25}},"line":401},"21":{"name":"(anonymous_21)","decl":{"start":{"line":413,"column":30},"end":{"line":413,"column":31}},"loc":{"start":{"line":413,"column":42},"end":{"line":442,"column":25}},"line":413},"22":{"name":"(anonymous_22)","decl":{"start":{"line":419,"column":42},"end":{"line":419,"column":43}},"loc":{"start":{"line":419,"column":48},"end":{"line":430,"column":37}},"line":419},"23":{"name":"(anonymous_23)","decl":{"start":{"line":422,"column":50},"end":{"line":422,"column":51}},"loc":{"start":{"line":422,"column":56},"end":{"line":424,"column":45}},"line":422},"24":{"name":"(anonymous_24)","decl":{"start":{"line":425,"column":51},"end":{"line":425,"column":52}},"loc":{"start":{"line":425,"column":62},"end":{"line":429,"column":45}},"line":425},"25":{"name":"(anonymous_25)","decl":{"start":{"line":431,"column":43},"end":{"line":431,"column":44}},"loc":{"start":{"line":431,"column":54},"end":{"line":435,"column":37}},"line":431},"26":{"name":"(anonymous_26)","decl":{"start":{"line":443,"column":31},"end":{"line":443,"column":32}},"loc":{"start":{"line":443,"column":42},"end":{"line":446,"column":25}},"line":443},"27":{"name":"(anonymous_27)","decl":{"start":{"line":454,"column":15},"end":{"line":454,"column":16}},"loc":{"start":{"line":454,"column":26},"end":{"line":458,"column":9}},"line":454},"28":{"name":"(anonymous_28)","decl":{"start":{"line":480,"column":24},"end":{"line":480,"column":25}},"loc":{"start":{"line":480,"column":38},"end":{"line":482,"column":1}},"line":480},"29":{"name":"(anonymous_29)","decl":{"start":{"line":558,"column":23},"end":{"line":558,"column":24}},"loc":{"start":{"line":558,"column":37},"end":{"line":628,"column":1}},"line":558},"30":{"name":"(anonymous_30)","decl":{"start":{"line":572,"column":32},"end":{"line":572,"column":33}},"loc":{"start":{"line":572,"column":40},"end":{"line":620,"column":9}},"line":572},"31":{"name":"(anonymous_31)","decl":{"start":{"line":587,"column":66},"end":{"line":587,"column":67}},"loc":{"start":{"line":587,"column":76},"end":{"line":603,"column":21}},"line":587},"32":{"name":"(anonymous_32)","decl":{"start":{"line":603,"column":29},"end":{"line":603,"column":30}},"loc":{"start":{"line":603,"column":36},"end":{"line":609,"column":21}},"line":603},"33":{"name":"(anonymous_33)","decl":{"start":{"line":620,"column":17},"end":{"line":620,"column":18}},"loc":{"start":{"line":620,"column":24},"end":{"line":626,"column":9}},"line":620},"34":{"name":"(anonymous_34)","decl":{"start":{"line":732,"column":37},"end":{"line":732,"column":38}},"loc":{"start":{"line":732,"column":51},"end":{"line":770,"column":1}},"line":732},"35":{"name":"(anonymous_35)","decl":{"start":{"line":738,"column":14},"end":{"line":738,"column":15}},"loc":{"start":{"line":738,"column":24},"end":{"line":761,"column":9}},"line":738},"36":{"name":"(anonymous_36)","decl":{"start":{"line":762,"column":15},"end":{"line":762,"column":16}},"loc":{"start":{"line":762,"column":26},"end":{"line":769,"column":9}},"line":762},"37":{"name":"(anonymous_37)","decl":{"start":{"line":774,"column":23},"end":{"line":774,"column":24}},"loc":{"start":{"line":774,"column":59},"end":{"line":853,"column":1}},"line":774},"38":{"name":"(anonymous_38)","decl":{"start":{"line":780,"column":14},"end":{"line":780,"column":15}},"loc":{"start":{"line":780,"column":26},"end":{"line":844,"column":9}},"line":780},"39":{"name":"(anonymous_39)","decl":{"start":{"line":798,"column":22},"end":{"line":798,"column":23}},"loc":{"start":{"line":798,"column":43},"end":{"line":836,"column":17}},"line":798},"40":{"name":"(anonymous_40)","decl":{"start":{"line":811,"column":30},"end":{"line":811,"column":31}},"loc":{"start":{"line":811,"column":36},"end":{"line":828,"column":25}},"line":811},"41":{"name":"(anonymous_41)","decl":{"start":{"line":814,"column":38},"end":{"line":814,"column":39}},"loc":{"start":{"line":814,"column":44},"end":{"line":820,"column":33}},"line":814},"42":{"name":"(anonymous_42)","decl":{"start":{"line":821,"column":39},"end":{"line":821,"column":40}},"loc":{"start":{"line":821,"column":50},"end":{"line":827,"column":33}},"line":821},"43":{"name":"(anonymous_43)","decl":{"start":{"line":829,"column":31},"end":{"line":829,"column":32}},"loc":{"start":{"line":829,"column":42},"end":{"line":835,"column":25}},"line":829},"44":{"name":"(anonymous_44)","decl":{"start":{"line":837,"column":23},"end":{"line":837,"column":24}},"loc":{"start":{"line":837,"column":34},"end":{"line":843,"column":17}},"line":837},"45":{"name":"(anonymous_45)","decl":{"start":{"line":845,"column":15},"end":{"line":845,"column":16}},"loc":{"start":{"line":845,"column":26},"end":{"line":852,"column":9}},"line":845},"46":{"name":"(anonymous_46)","decl":{"start":{"line":928,"column":30},"end":{"line":928,"column":31}},"loc":{"start":{"line":928,"column":44},"end":{"line":1060,"column":1}},"line":928},"47":{"name":"(anonymous_47)","decl":{"start":{"line":933,"column":14},"end":{"line":933,"column":15}},"loc":{"start":{"line":933,"column":26},"end":{"line":1050,"column":9}},"line":933},"48":{"name":"(anonymous_48)","decl":{"start":{"line":950,"column":30},"end":{"line":950,"column":31}},"loc":{"start":{"line":950,"column":36},"end":{"line":957,"column":25}},"line":950},"49":{"name":"(anonymous_49)","decl":{"start":{"line":958,"column":31},"end":{"line":958,"column":32}},"loc":{"start":{"line":958,"column":42},"end":{"line":966,"column":25}},"line":958},"50":{"name":"(anonymous_50)","decl":{"start":{"line":974,"column":30},"end":{"line":974,"column":31}},"loc":{"start":{"line":974,"column":42},"end":{"line":1032,"column":25}},"line":974},"51":{"name":"(anonymous_51)","decl":{"start":{"line":981,"column":42},"end":{"line":981,"column":43}},"loc":{"start":{"line":981,"column":63},"end":{"line":1016,"column":37}},"line":981},"52":{"name":"(anonymous_52)","decl":{"start":{"line":986,"column":50},"end":{"line":986,"column":51}},"loc":{"start":{"line":986,"column":56},"end":{"line":1007,"column":45}},"line":986},"53":{"name":"(anonymous_53)","decl":{"start":{"line":990,"column":58},"end":{"line":990,"column":59}},"loc":{"start":{"line":990,"column":64},"end":{"line":998,"column":53}},"line":990},"54":{"name":"(anonymous_54)","decl":{"start":{"line":999,"column":59},"end":{"line":999,"column":60}},"loc":{"start":{"line":999,"column":70},"end":{"line":1006,"column":53}},"line":999},"55":{"name":"(anonymous_55)","decl":{"start":{"line":1008,"column":51},"end":{"line":1008,"column":52}},"loc":{"start":{"line":1008,"column":62},"end":{"line":1015,"column":45}},"line":1008},"56":{"name":"(anonymous_56)","decl":{"start":{"line":1017,"column":43},"end":{"line":1017,"column":44}},"loc":{"start":{"line":1017,"column":54},"end":{"line":1023,"column":37}},"line":1017},"57":{"name":"(anonymous_57)","decl":{"start":{"line":1033,"column":31},"end":{"line":1033,"column":32}},"loc":{"start":{"line":1033,"column":42},"end":{"line":1039,"column":25}},"line":1033},"58":{"name":"(anonymous_58)","decl":{"start":{"line":1051,"column":15},"end":{"line":1051,"column":16}},"loc":{"start":{"line":1051,"column":26},"end":{"line":1058,"column":9}},"line":1051},"59":{"name":"(anonymous_59)","decl":{"start":{"line":1135,"column":26},"end":{"line":1135,"column":27}},"loc":{"start":{"line":1135,"column":40},"end":{"line":1201,"column":1}},"line":1135},"60":{"name":"(anonymous_60)","decl":{"start":{"line":1156,"column":18},"end":{"line":1156,"column":19}},"loc":{"start":{"line":1156,"column":28},"end":{"line":1192,"column":13}},"line":1156},"61":{"name":"(anonymous_61)","decl":{"start":{"line":1176,"column":30},"end":{"line":1176,"column":31}},"loc":{"start":{"line":1176,"column":42},"end":{"line":1183,"column":25}},"line":1176},"62":{"name":"(anonymous_62)","decl":{"start":{"line":1184,"column":31},"end":{"line":1184,"column":32}},"loc":{"start":{"line":1184,"column":40},"end":{"line":1190,"column":25}},"line":1184},"63":{"name":"(anonymous_63)","decl":{"start":{"line":1193,"column":19},"end":{"line":1193,"column":20}},"loc":{"start":{"line":1193,"column":28},"end":{"line":1199,"column":13}},"line":1193},"64":{"name":"(anonymous_64)","decl":{"start":{"line":1288,"column":35},"end":{"line":1288,"column":36}},"loc":{"start":{"line":1288,"column":49},"end":{"line":1325,"column":1}},"line":1288},"65":{"name":"(anonymous_65)","decl":{"start":{"line":1302,"column":14},"end":{"line":1302,"column":15}},"loc":{"start":{"line":1302,"column":33},"end":{"line":1316,"column":9}},"line":1302},"66":{"name":"(anonymous_66)","decl":{"start":{"line":1317,"column":15},"end":{"line":1317,"column":16}},"loc":{"start":{"line":1317,"column":24},"end":{"line":1324,"column":9}},"line":1317},"67":{"name":"(anonymous_67)","decl":{"start":{"line":1413,"column":29},"end":{"line":1413,"column":30}},"loc":{"start":{"line":1413,"column":43},"end":{"line":1454,"column":1}},"line":1413},"68":{"name":"(anonymous_68)","decl":{"start":{"line":1427,"column":14},"end":{"line":1427,"column":15}},"loc":{"start":{"line":1427,"column":31},"end":{"line":1444,"column":9}},"line":1427},"69":{"name":"(anonymous_69)","decl":{"start":{"line":1445,"column":15},"end":{"line":1445,"column":16}},"loc":{"start":{"line":1445,"column":24},"end":{"line":1453,"column":9}},"line":1445},"70":{"name":"(anonymous_70)","decl":{"start":{"line":1542,"column":38},"end":{"line":1542,"column":39}},"loc":{"start":{"line":1542,"column":52},"end":{"line":1584,"column":1}},"line":1542},"71":{"name":"(anonymous_71)","decl":{"start":{"line":1556,"column":14},"end":{"line":1556,"column":15}},"loc":{"start":{"line":1556,"column":32},"end":{"line":1573,"column":9}},"line":1556},"72":{"name":"(anonymous_72)","decl":{"start":{"line":1574,"column":15},"end":{"line":1574,"column":16}},"loc":{"start":{"line":1574,"column":24},"end":{"line":1583,"column":9}},"line":1574},"73":{"name":"(anonymous_73)","decl":{"start":{"line":1683,"column":40},"end":{"line":1683,"column":41}},"loc":{"start":{"line":1683,"column":54},"end":{"line":1737,"column":1}},"line":1683},"74":{"name":"(anonymous_74)","decl":{"start":{"line":1698,"column":14},"end":{"line":1698,"column":15}},"loc":{"start":{"line":1698,"column":24},"end":{"line":1728,"column":9}},"line":1698},"75":{"name":"(anonymous_75)","decl":{"start":{"line":1712,"column":22},"end":{"line":1712,"column":23}},"loc":{"start":{"line":1712,"column":39},"end":{"line":1719,"column":17}},"line":1712},"76":{"name":"(anonymous_76)","decl":{"start":{"line":1720,"column":23},"end":{"line":1720,"column":24}},"loc":{"start":{"line":1720,"column":32},"end":{"line":1727,"column":17}},"line":1720},"77":{"name":"(anonymous_77)","decl":{"start":{"line":1729,"column":15},"end":{"line":1729,"column":16}},"loc":{"start":{"line":1729,"column":24},"end":{"line":1736,"column":9}},"line":1729},"78":{"name":"(anonymous_78)","decl":{"start":{"line":1836,"column":56},"end":{"line":1836,"column":57}},"loc":{"start":{"line":1836,"column":70},"end":{"line":1890,"column":1}},"line":1836},"79":{"name":"(anonymous_79)","decl":{"start":{"line":1851,"column":14},"end":{"line":1851,"column":15}},"loc":{"start":{"line":1851,"column":24},"end":{"line":1881,"column":9}},"line":1851},"80":{"name":"(anonymous_80)","decl":{"start":{"line":1865,"column":22},"end":{"line":1865,"column":23}},"loc":{"start":{"line":1865,"column":39},"end":{"line":1872,"column":17}},"line":1865},"81":{"name":"(anonymous_81)","decl":{"start":{"line":1873,"column":23},"end":{"line":1873,"column":24}},"loc":{"start":{"line":1873,"column":32},"end":{"line":1880,"column":17}},"line":1873},"82":{"name":"(anonymous_82)","decl":{"start":{"line":1882,"column":15},"end":{"line":1882,"column":16}},"loc":{"start":{"line":1882,"column":24},"end":{"line":1889,"column":9}},"line":1882},"83":{"name":"(anonymous_83)","decl":{"start":{"line":1973,"column":31},"end":{"line":1973,"column":32}},"loc":{"start":{"line":1973,"column":45},"end":{"line":2025,"column":1}},"line":1973},"84":{"name":"(anonymous_84)","decl":{"start":{"line":2009,"column":18},"end":{"line":2009,"column":19}},"loc":{"start":{"line":2009,"column":30},"end":{"line":2016,"column":13}},"line":2009},"85":{"name":"(anonymous_85)","decl":{"start":{"line":2017,"column":19},"end":{"line":2017,"column":20}},"loc":{"start":{"line":2017,"column":28},"end":{"line":2023,"column":13}},"line":2017},"86":{"name":"(anonymous_86)","decl":{"start":{"line":2113,"column":40},"end":{"line":2113,"column":41}},"loc":{"start":{"line":2113,"column":54},"end":{"line":2150,"column":1}},"line":2113},"87":{"name":"(anonymous_87)","decl":{"start":{"line":2127,"column":14},"end":{"line":2127,"column":15}},"loc":{"start":{"line":2127,"column":37},"end":{"line":2141,"column":9}},"line":2127},"88":{"name":"(anonymous_88)","decl":{"start":{"line":2142,"column":15},"end":{"line":2142,"column":16}},"loc":{"start":{"line":2142,"column":24},"end":{"line":2149,"column":9}},"line":2142},"89":{"name":"(anonymous_89)","decl":{"start":{"line":2238,"column":34},"end":{"line":2238,"column":35}},"loc":{"start":{"line":2238,"column":48},"end":{"line":2279,"column":1}},"line":2238},"90":{"name":"(anonymous_90)","decl":{"start":{"line":2252,"column":14},"end":{"line":2252,"column":15}},"loc":{"start":{"line":2252,"column":30},"end":{"line":2269,"column":9}},"line":2252},"91":{"name":"(anonymous_91)","decl":{"start":{"line":2270,"column":15},"end":{"line":2270,"column":16}},"loc":{"start":{"line":2270,"column":24},"end":{"line":2278,"column":9}},"line":2270},"92":{"name":"(anonymous_92)","decl":{"start":{"line":2343,"column":24},"end":{"line":2343,"column":25}},"loc":{"start":{"line":2343,"column":50},"end":{"line":2365,"column":1}},"line":2343},"93":{"name":"(anonymous_93)","decl":{"start":{"line":2418,"column":33},"end":{"line":2418,"column":34}},"loc":{"start":{"line":2418,"column":59},"end":{"line":2436,"column":1}},"line":2418},"94":{"name":"(anonymous_94)","decl":{"start":{"line":2485,"column":23},"end":{"line":2485,"column":24}},"loc":{"start":{"line":2485,"column":49},"end":{"line":2502,"column":1}},"line":2485}},"branchMap":{"0":{"loc":{"start":{"line":56,"column":4},"end":{"line":61,"column":5}},"type":"if","locations":[{"start":{"line":56,"column":4},"end":{"line":61,"column":5}},{"start":{"line":58,"column":11},"end":{"line":61,"column":5}}],"line":56},"1":{"loc":{"start":{"line":155,"column":4},"end":{"line":249,"column":5}},"type":"if","locations":[{"start":{"line":155,"column":4},"end":{"line":249,"column":5}},{"start":{"line":162,"column":11},"end":{"line":249,"column":5}}],"line":155},"2":{"loc":{"start":{"line":155,"column":8},"end":{"line":155,"column":72}},"type":"binary-expr","locations":[{"start":{"line":155,"column":8},"end":{"line":155,"column":18}},{"start":{"line":155,"column":22},"end":{"line":155,"column":33}},{"start":{"line":155,"column":37},"end":{"line":155,"column":51}},{"start":{"line":155,"column":55},"end":{"line":155,"column":72}}],"line":155},"3":{"loc":{"start":{"line":162,"column":11},"end":{"line":249,"column":5}},"type":"if","locations":[{"start":{"line":162,"column":11},"end":{"line":249,"column":5}},{"start":{"line":168,"column":11},"end":{"line":249,"column":5}}],"line":162},"4":{"loc":{"start":{"line":168,"column":11},"end":{"line":249,"column":5}},"type":"if","locations":[{"start":{"line":168,"column":11},"end":{"line":249,"column":5}},{"start":{"line":174,"column":11},"end":{"line":249,"column":5}}],"line":168},"5":{"loc":{"start":{"line":174,"column":11},"end":{"line":249,"column":5}},"type":"if","locations":[{"start":{"line":174,"column":11},"end":{"line":249,"column":5}},{"start":{"line":180,"column":11},"end":{"line":249,"column":5}}],"line":174},"6":{"loc":{"start":{"line":180,"column":11},"end":{"line":249,"column":5}},"type":"if","locations":[{"start":{"line":180,"column":11},"end":{"line":249,"column":5}},{"start":{"line":186,"column":11},"end":{"line":249,"column":5}}],"line":180},"7":{"loc":{"start":{"line":190,"column":16},"end":{"line":240,"column":17}},"type":"if","locations":[{"start":{"line":190,"column":16},"end":{"line":240,"column":17}},{"start":{"line":197,"column":23},"end":{"line":240,"column":17}}],"line":190},"8":{"loc":{"start":{"line":379,"column":12},"end":{"line":452,"column":13}},"type":"if","locations":[{"start":{"line":379,"column":12},"end":{"line":452,"column":13}},{"start":{"line":448,"column":19},"end":{"line":452,"column":13}}],"line":379},"9":{"loc":{"start":{"line":386,"column":16},"end":{"line":447,"column":17}},"type":"if","locations":[{"start":{"line":386,"column":16},"end":{"line":447,"column":17}},{"start":{"line":407,"column":23},"end":{"line":447,"column":17}}],"line":386},"10":{"loc":{"start":{"line":414,"column":28},"end":{"line":441,"column":29}},"type":"if","locations":[{"start":{"line":414,"column":28},"end":{"line":441,"column":29}},{"start":{"line":437,"column":35},"end":{"line":441,"column":29}}],"line":414},"11":{"loc":{"start":{"line":564,"column":4},"end":{"line":627,"column":5}},"type":"if","locations":[{"start":{"line":564,"column":4},"end":{"line":627,"column":5}},{"start":{"line":570,"column":11},"end":{"line":627,"column":5}}],"line":564},"12":{"loc":{"start":{"line":564,"column":8},"end":{"line":564,"column":39}},"type":"binary-expr","locations":[{"start":{"line":564,"column":8},"end":{"line":564,"column":20}},{"start":{"line":564,"column":24},"end":{"line":564,"column":39}}],"line":564},"13":{"loc":{"start":{"line":573,"column":12},"end":{"line":619,"column":13}},"type":"if","locations":[{"start":{"line":573,"column":12},"end":{"line":619,"column":13}},{"start":{"line":613,"column":19},"end":{"line":619,"column":13}}],"line":573},"14":{"loc":{"start":{"line":578,"column":16},"end":{"line":611,"column":17}},"type":"if","locations":[{"start":{"line":578,"column":16},"end":{"line":611,"column":17}},{"start":{"line":584,"column":23},"end":{"line":611,"column":17}}],"line":578},"15":{"loc":{"start":{"line":588,"column":24},"end":{"line":602,"column":25}},"type":"if","locations":[{"start":{"line":588,"column":24},"end":{"line":602,"column":25}},{"start":{"line":596,"column":31},"end":{"line":602,"column":25}}],"line":588},"16":{"loc":{"start":{"line":739,"column":12},"end":{"line":760,"column":13}},"type":"if","locations":[{"start":{"line":739,"column":12},"end":{"line":760,"column":13}},{"start":{"line":754,"column":19},"end":{"line":760,"column":13}}],"line":739},"17":{"loc":{"start":{"line":744,"column":16},"end":{"line":753,"column":17}},"type":"if","locations":[{"start":{"line":744,"column":16},"end":{"line":753,"column":17}},{"start":{"line":750,"column":23},"end":{"line":753,"column":17}}],"line":744},"18":{"loc":{"start":{"line":934,"column":12},"end":{"line":1049,"column":13}},"type":"if","locations":[{"start":{"line":934,"column":12},"end":{"line":1049,"column":13}},{"start":{"line":1041,"column":19},"end":{"line":1049,"column":13}}],"line":934},"19":{"loc":{"start":{"line":947,"column":16},"end":{"line":1040,"column":17}},"type":"if","locations":[{"start":{"line":947,"column":16},"end":{"line":1040,"column":17}},{"start":{"line":968,"column":23},"end":{"line":1040,"column":17}}],"line":947},"20":{"loc":{"start":{"line":975,"column":28},"end":{"line":1031,"column":29}},"type":"if","locations":[{"start":{"line":975,"column":28},"end":{"line":1031,"column":29}},{"start":{"line":1024,"column":35},"end":{"line":1031,"column":29}}],"line":975},"21":{"loc":{"start":{"line":1142,"column":4},"end":{"line":1200,"column":5}},"type":"if","locations":[{"start":{"line":1142,"column":4},"end":{"line":1200,"column":5}},{"start":{"line":1148,"column":11},"end":{"line":1200,"column":5}}],"line":1142},"22":{"loc":{"start":{"line":1142,"column":8},"end":{"line":1142,"column":39}},"type":"binary-expr","locations":[{"start":{"line":1142,"column":8},"end":{"line":1142,"column":18}},{"start":{"line":1142,"column":22},"end":{"line":1142,"column":39}}],"line":1142},"23":{"loc":{"start":{"line":1148,"column":11},"end":{"line":1200,"column":5}},"type":"if","locations":[{"start":{"line":1148,"column":11},"end":{"line":1200,"column":5}},{"start":{"line":1154,"column":11},"end":{"line":1200,"column":5}}],"line":1148},"24":{"loc":{"start":{"line":1157,"column":16},"end":{"line":1191,"column":17}},"type":"if","locations":[{"start":{"line":1157,"column":16},"end":{"line":1191,"column":17}},{"start":{"line":1164,"column":23},"end":{"line":1191,"column":17}}],"line":1157},"25":{"loc":{"start":{"line":1292,"column":4},"end":{"line":1298,"column":5}},"type":"if","locations":[{"start":{"line":1292,"column":4},"end":{"line":1298,"column":5}},{"start":{},"end":{}}],"line":1292},"26":{"loc":{"start":{"line":1303,"column":12},"end":{"line":1309,"column":13}},"type":"if","locations":[{"start":{"line":1303,"column":12},"end":{"line":1309,"column":13}},{"start":{},"end":{}}],"line":1303},"27":{"loc":{"start":{"line":1417,"column":4},"end":{"line":1423,"column":5}},"type":"if","locations":[{"start":{"line":1417,"column":4},"end":{"line":1423,"column":5}},{"start":{},"end":{}}],"line":1417},"28":{"loc":{"start":{"line":1429,"column":12},"end":{"line":1435,"column":13}},"type":"if","locations":[{"start":{"line":1429,"column":12},"end":{"line":1435,"column":13}},{"start":{},"end":{}}],"line":1429},"29":{"loc":{"start":{"line":1546,"column":4},"end":{"line":1552,"column":5}},"type":"if","locations":[{"start":{"line":1546,"column":4},"end":{"line":1552,"column":5}},{"start":{},"end":{}}],"line":1546},"30":{"loc":{"start":{"line":1558,"column":12},"end":{"line":1564,"column":13}},"type":"if","locations":[{"start":{"line":1558,"column":12},"end":{"line":1564,"column":13}},{"start":{},"end":{}}],"line":1558},"31":{"loc":{"start":{"line":1688,"column":4},"end":{"line":1694,"column":5}},"type":"if","locations":[{"start":{"line":1688,"column":4},"end":{"line":1694,"column":5}},{"start":{},"end":{}}],"line":1688},"32":{"loc":{"start":{"line":1688,"column":8},"end":{"line":1688,"column":30}},"type":"binary-expr","locations":[{"start":{"line":1688,"column":8},"end":{"line":1688,"column":14}},{"start":{"line":1688,"column":18},"end":{"line":1688,"column":30}}],"line":1688},"33":{"loc":{"start":{"line":1699,"column":12},"end":{"line":1705,"column":13}},"type":"if","locations":[{"start":{"line":1699,"column":12},"end":{"line":1705,"column":13}},{"start":{},"end":{}}],"line":1699},"34":{"loc":{"start":{"line":1841,"column":4},"end":{"line":1847,"column":5}},"type":"if","locations":[{"start":{"line":1841,"column":4},"end":{"line":1847,"column":5}},{"start":{},"end":{}}],"line":1841},"35":{"loc":{"start":{"line":1841,"column":8},"end":{"line":1841,"column":30}},"type":"binary-expr","locations":[{"start":{"line":1841,"column":8},"end":{"line":1841,"column":14}},{"start":{"line":1841,"column":18},"end":{"line":1841,"column":30}}],"line":1841},"36":{"loc":{"start":{"line":1852,"column":12},"end":{"line":1858,"column":13}},"type":"if","locations":[{"start":{"line":1852,"column":12},"end":{"line":1858,"column":13}},{"start":{},"end":{}}],"line":1852},"37":{"loc":{"start":{"line":1980,"column":4},"end":{"line":2024,"column":5}},"type":"if","locations":[{"start":{"line":1980,"column":4},"end":{"line":2024,"column":5}},{"start":{"line":1986,"column":11},"end":{"line":2024,"column":5}}],"line":1980},"38":{"loc":{"start":{"line":1986,"column":11},"end":{"line":2024,"column":5}},"type":"if","locations":[{"start":{"line":1986,"column":11},"end":{"line":2024,"column":5}},{"start":{"line":1992,"column":11},"end":{"line":2024,"column":5}}],"line":1986},"39":{"loc":{"start":{"line":1992,"column":11},"end":{"line":2024,"column":5}},"type":"if","locations":[{"start":{"line":1992,"column":11},"end":{"line":2024,"column":5}},{"start":{"line":1998,"column":11},"end":{"line":2024,"column":5}}],"line":1992},"40":{"loc":{"start":{"line":2117,"column":4},"end":{"line":2123,"column":5}},"type":"if","locations":[{"start":{"line":2117,"column":4},"end":{"line":2123,"column":5}},{"start":{},"end":{}}],"line":2117},"41":{"loc":{"start":{"line":2128,"column":12},"end":{"line":2134,"column":13}},"type":"if","locations":[{"start":{"line":2128,"column":12},"end":{"line":2134,"column":13}},{"start":{},"end":{}}],"line":2128},"42":{"loc":{"start":{"line":2242,"column":4},"end":{"line":2248,"column":5}},"type":"if","locations":[{"start":{"line":2242,"column":4},"end":{"line":2248,"column":5}},{"start":{},"end":{}}],"line":2242},"43":{"loc":{"start":{"line":2254,"column":12},"end":{"line":2260,"column":13}},"type":"if","locations":[{"start":{"line":2254,"column":12},"end":{"line":2260,"column":13}},{"start":{},"end":{}}],"line":2254},"44":{"loc":{"start":{"line":2346,"column":8},"end":{"line":2352,"column":9}},"type":"if","locations":[{"start":{"line":2346,"column":8},"end":{"line":2352,"column":9}},{"start":{},"end":{}}],"line":2346},"45":{"loc":{"start":{"line":2346,"column":12},"end":{"line":2346,"column":26}},"type":"binary-expr","locations":[{"start":{"line":2346,"column":12},"end":{"line":2346,"column":17}},{"start":{"line":2346,"column":21},"end":{"line":2346,"column":26}}],"line":2346},"46":{"loc":{"start":{"line":2421,"column":8},"end":{"line":2427,"column":9}},"type":"if","locations":[{"start":{"line":2421,"column":8},"end":{"line":2427,"column":9}},{"start":{},"end":{}}],"line":2421}},"s":{"0":1,"1":1,"2":1,"3":1,"4":1,"5":1,"6":1,"7":1,"8":1,"9":1,"10":1,"11":1,"12":1,"13":1,"14":1,"15":1,"16":1,"17":1,"18":1,"19":1,"20":0,"21":1,"22":1,"23":1,"24":6,"25":6,"26":6,"27":6,"28":6,"29":6,"30":1,"31":5,"32":1,"33":4,"34":1,"35":3,"36":1,"37":2,"38":1,"39":1,"40":1,"41":1,"42":0,"43":0,"44":0,"45":0,"46":0,"47":0,"48":0,"49":0,"50":1,"51":0,"52":0,"53":0,"54":0,"55":0,"56":0,"57":0,"58":0,"59":0,"60":0,"61":0,"62":0,"63":0,"64":0,"65":0,"66":1,"67":0,"68":0,"69":0,"70":0,"71":0,"72":0,"73":0,"74":0,"75":0,"76":0,"77":0,"78":0,"79":0,"80":0,"81":0,"82":0,"83":0,"84":0,"85":0,"86":0,"87":0,"88":0,"89":0,"90":0,"91":0,"92":0,"93":0,"94":0,"95":0,"96":0,"97":0,"98":0,"99":0,"100":0,"101":0,"102":1,"103":0,"104":1,"105":5,"106":5,"107":5,"108":5,"109":1,"110":4,"111":4,"112":3,"113":1,"114":2,"115":2,"116":2,"117":1,"118":1,"119":0,"120":1,"121":0,"122":1,"123":0,"124":0,"125":0,"126":0,"127":0,"128":0,"129":0,"130":0,"131":0,"132":1,"133":0,"134":0,"135":0,"136":0,"137":0,"138":0,"139":0,"140":0,"141":0,"142":0,"143":0,"144":0,"145":0,"146":0,"147":0,"148":0,"149":0,"150":0,"151":0,"152":0,"153":1,"154":0,"155":0,"156":0,"157":0,"158":0,"159":0,"160":0,"161":0,"162":0,"163":0,"164":0,"165":0,"166":0,"167":0,"168":0,"169":0,"170":0,"171":0,"172":0,"173":0,"174":0,"175":0,"176":0,"177":0,"178":0,"179":0,"180":0,"181":1,"182":4,"183":4,"184":4,"185":4,"186":1,"187":3,"188":1,"189":2,"190":2,"191":1,"192":1,"193":1,"194":1,"195":0,"196":0,"197":1,"198":3,"199":3,"200":1,"201":2,"202":2,"203":1,"204":1,"205":0,"206":1,"207":3,"208":3,"209":1,"210":2,"211":2,"212":1,"213":1,"214":0,"215":1,"216":3,"217":3,"218":1,"219":2,"220":2,"221":1,"222":1,"223":0,"224":0,"225":1,"226":3,"227":3,"228":3,"229":1,"230":2,"231":2,"232":1,"233":1,"234":1,"235":1,"236":0,"237":0,"238":1,"239":3,"240":3,"241":3,"242":1,"243":2,"244":2,"245":1,"246":1,"247":1,"248":1,"249":0,"250":0,"251":1,"252":4,"253":4,"254":4,"255":4,"256":1,"257":3,"258":1,"259":2,"260":1,"261":1,"262":1,"263":1,"264":0,"265":1,"266":3,"267":3,"268":1,"269":2,"270":2,"271":1,"272":1,"273":0,"274":1,"275":2,"276":2,"277":1,"278":1,"279":1,"280":0,"281":1,"282":0,"283":1,"284":2,"285":2,"286":2,"287":1,"288":1,"289":1,"290":1,"291":0,"292":1,"293":2,"294":2,"295":2,"296":1,"297":1,"298":0,"299":1,"300":1,"301":1,"302":1,"303":0,"304":1},"f":{"0":1,"1":6,"2":1,"3":0,"4":0,"5":0,"6":0,"7":0,"8":0,"9":0,"10":0,"11":0,"12":0,"13":0,"14":0,"15":0,"16":0,"17":0,"18":0,"19":0,"20":0,"21":0,"22":0,"23":0,"24":0,"25":0,"26":0,"27":0,"28":0,"29":5,"30":4,"31":2,"32":0,"33":0,"34":0,"35":0,"36":0,"37":0,"38":0,"39":0,"40":0,"41":0,"42":0,"43":0,"44":0,"45":0,"46":0,"47":0,"48":0,"49":0,"50":0,"51":0,"52":0,"53":0,"54":0,"55":0,"56":0,"57":0,"58":0,"59":4,"60":2,"61":1,"62":0,"63":0,"64":3,"65":2,"66":0,"67":3,"68":2,"69":0,"70":3,"71":2,"72":0,"73":3,"74":2,"75":1,"76":0,"77":0,"78":3,"79":2,"80":1,"81":0,"82":0,"83":4,"84":1,"85":0,"86":3,"87":2,"88":0,"89":2,"90":1,"91":0,"92":2,"93":2,"94":1},"b":{"0":[0,1],"1":[1,5],"2":[6,5,5,5],"3":[1,4],"4":[1,3],"5":[1,2],"6":[1,1],"7":[1,0],"8":[0,0],"9":[0,0],"10":[0,0],"11":[1,4],"12":[5,4],"13":[3,1],"14":[1,2],"15":[1,1],"16":[0,0],"17":[0,0],"18":[0,0],"19":[0,0],"20":[0,0],"21":[1,3],"22":[4,3],"23":[1,2],"24":[1,1],"25":[1,2],"26":[1,1],"27":[1,2],"28":[1,1],"29":[1,2],"30":[1,1],"31":[1,2],"32":[3,3],"33":[1,1],"34":[1,2],"35":[3,3],"36":[1,1],"37":[1,3],"38":[1,2],"39":[1,1],"40":[1,2],"41":[1,1],"42":[1,1],"43":[0,1],"44":[1,1],"45":[2,1],"46":[1,1]},"_coverageSchema":"1a1c01bbd47fc00a2c39e90264f33305004495a9","hash":"776fd7ce6615013302d6fa57ce60d450173e0576"}
,"/Users/gabriele/Desktop/G45_project/backend/config/db.js": {"path":"/Users/gabriele/Desktop/G45_project/backend/config/db.js","statementMap":{"0":{"start":{"line":1,"column":0},"end":{"line":1,"column":27}},"1":{"start":{"line":2,"column":17},"end":{"line":2,"column":36}},"2":{"start":{"line":4,"column":0},"end":{"line":11,"column":38}},"3":{"start":{"line":9,"column":8},"end":{"line":9,"column":36}},"4":{"start":{"line":11,"column":20},"end":{"line":11,"column":36}}},"fnMap":{"0":{"name":"(anonymous_0)","decl":{"start":{"line":8,"column":12},"end":{"line":8,"column":13}},"loc":{"start":{"line":8,"column":17},"end":{"line":10,"column":5}},"line":8},"1":{"name":"(anonymous_1)","decl":{"start":{"line":11,"column":11},"end":{"line":11,"column":12}},"loc":{"start":{"line":11,"column":20},"end":{"line":11,"column":36}},"line":11}},"branchMap":{},"s":{"0":1,"1":1,"2":1,"3":1,"4":0},"f":{"0":1,"1":0},"b":{},"_coverageSchema":"1a1c01bbd47fc00a2c39e90264f33305004495a9","hash":"e7bf2dbeb439c317d8a60a49d1a6f0046a7e2789"}
,"/Users/gabriele/Desktop/G45_project/backend/models/Budget.js": {"path":"/Users/gabriele/Desktop/G45_project/backend/models/Budget.js","statementMap":{"0":{"start":{"line":1,"column":17},"end":{"line":1,"column":36}},"1":{"start":{"line":3,"column":15},"end":{"line":3,"column":30}},"2":{"start":{"line":5,"column":21},"end":{"line":13,"column":2}},"3":{"start":{"line":15,"column":15},"end":{"line":15,"column":53}},"4":{"start":{"line":17,"column":0},"end":{"line":17,"column":24}}},"fnMap":{},"branchMap":{},"s":{"0":1,"1":1,"2":1,"3":1,"4":1},"f":{},"b":{},"_coverageSchema":"1a1c01bbd47fc00a2c39e90264f33305004495a9","hash":"3215f6b8200f65493afaf826edaca9b87320d15d"}
,"/Users/gabriele/Desktop/G45_project/backend/models/News.js": {"path":"/Users/gabriele/Desktop/G45_project/backend/models/News.js","statementMap":{"0":{"start":{"line":1,"column":17},"end":{"line":1,"column":36}},"1":{"start":{"line":3,"column":15},"end":{"line":3,"column":30}},"2":{"start":{"line":5,"column":19},"end":{"line":9,"column":2}},"3":{"start":{"line":11,"column":13},"end":{"line":11,"column":47}},"4":{"start":{"line":13,"column":0},"end":{"line":13,"column":22}}},"fnMap":{},"branchMap":{},"s":{"0":1,"1":1,"2":1,"3":1,"4":1},"f":{},"b":{},"_coverageSchema":"1a1c01bbd47fc00a2c39e90264f33305004495a9","hash":"628f930d258fa7aa0112cda316d8ffc1a6ded82e"}
,"/Users/gabriele/Desktop/G45_project/backend/models/PasswordReset.js": {"path":"/Users/gabriele/Desktop/G45_project/backend/models/PasswordReset.js","statementMap":{"0":{"start":{"line":1,"column":17},"end":{"line":1,"column":36}},"1":{"start":{"line":3,"column":15},"end":{"line":3,"column":30}},"2":{"start":{"line":5,"column":28},"end":{"line":11,"column":2}},"3":{"start":{"line":13,"column":22},"end":{"line":13,"column":74}},"4":{"start":{"line":15,"column":0},"end":{"line":15,"column":31}}},"fnMap":{},"branchMap":{},"s":{"0":1,"1":1,"2":1,"3":1,"4":1},"f":{},"b":{},"_coverageSchema":"1a1c01bbd47fc00a2c39e90264f33305004495a9","hash":"a5b6fef1d2bf7bbdb5fbdc7d57ba89a043c48e62"}
,"/Users/gabriele/Desktop/G45_project/backend/models/Transaction.js": {"path":"/Users/gabriele/Desktop/G45_project/backend/models/Transaction.js","statementMap":{"0":{"start":{"line":1,"column":17},"end":{"line":1,"column":36}},"1":{"start":{"line":3,"column":15},"end":{"line":3,"column":30}},"2":{"start":{"line":5,"column":26},"end":{"line":13,"column":2}},"3":{"start":{"line":15,"column":20},"end":{"line":15,"column":68}},"4":{"start":{"line":17,"column":0},"end":{"line":17,"column":29}}},"fnMap":{},"branchMap":{},"s":{"0":1,"1":1,"2":1,"3":1,"4":1},"f":{},"b":{},"_coverageSchema":"1a1c01bbd47fc00a2c39e90264f33305004495a9","hash":"c6dc475794067252abe9a81b75fd60416c4ba8d4"}
,"/Users/gabriele/Desktop/G45_project/backend/models/User.js": {"path":"/Users/gabriele/Desktop/G45_project/backend/models/User.js","statementMap":{"0":{"start":{"line":3,"column":17},"end":{"line":3,"column":36}},"1":{"start":{"line":7,"column":15},"end":{"line":7,"column":30}},"2":{"start":{"line":10,"column":19},"end":{"line":16,"column":2}},"3":{"start":{"line":20,"column":13},"end":{"line":20,"column":47}},"4":{"start":{"line":24,"column":0},"end":{"line":24,"column":22}}},"fnMap":{},"branchMap":{},"s":{"0":1,"1":1,"2":1,"3":1,"4":1},"f":{},"b":{},"_coverageSchema":"1a1c01bbd47fc00a2c39e90264f33305004495a9","hash":"819549926f332bd58b0172002f6c8b09c8f6da84"}
,"/Users/gabriele/Desktop/G45_project/backend/models/UserVerification.js": {"path":"/Users/gabriele/Desktop/G45_project/backend/models/UserVerification.js","statementMap":{"0":{"start":{"line":1,"column":17},"end":{"line":1,"column":36}},"1":{"start":{"line":3,"column":15},"end":{"line":3,"column":30}},"2":{"start":{"line":5,"column":31},"end":{"line":11,"column":2}},"3":{"start":{"line":13,"column":25},"end":{"line":13,"column":83}},"4":{"start":{"line":15,"column":0},"end":{"line":15,"column":34}}},"fnMap":{},"branchMap":{},"s":{"0":1,"1":1,"2":1,"3":1,"4":1},"f":{},"b":{},"_coverageSchema":"1a1c01bbd47fc00a2c39e90264f33305004495a9","hash":"6c389415d154cae23bc5e0b1e008acf356ae097e"}
}
