TN:
SF:server.js
FN:59,(anonymous_0)
FNF:1
FNH:1
FNDA:1,(anonymous_0)
DA:2,1
DA:3,1
DA:6,1
DA:7,1
DA:8,1
DA:9,1
DA:12,1
DA:16,1
DA:26,1
DA:31,1
DA:32,1
DA:34,1
DA:36,1
DA:53,1
DA:54,1
DA:59,1
DA:60,1
DA:63,1
LF:18
LH:18
BRF:0
BRH:0
end_of_record
TN:
SF:api/User.js
FN:55,(anonymous_0)
FN:146,(anonymous_1)
FN:189,(anonymous_2)
FN:202,(anonymous_3)
FN:213,(anonymous_4)
FN:225,(anonymous_5)
FN:233,(anonymous_6)
FN:241,(anonymous_7)
FN:254,(anonymous_8)
FN:274,(anonymous_9)
FN:285,(anonymous_10)
FN:288,(anonymous_11)
FN:296,(anonymous_12)
FN:305,(anonymous_13)
FN:314,(anonymous_14)
FN:373,(anonymous_15)
FN:378,(anonymous_16)
FN:390,(anonymous_17)
FN:392,(anonymous_18)
FN:396,(anonymous_19)
FN:401,(anonymous_20)
FN:413,(anonymous_21)
FN:419,(anonymous_22)
FN:422,(anonymous_23)
FN:425,(anonymous_24)
FN:431,(anonymous_25)
FN:443,(anonymous_26)
FN:454,(anonymous_27)
FN:480,(anonymous_28)
FN:558,(anonymous_29)
FN:572,(anonymous_30)
FN:587,(anonymous_31)
FN:603,(anonymous_32)
FN:620,(anonymous_33)
FN:732,(anonymous_34)
FN:738,(anonymous_35)
FN:762,(anonymous_36)
FN:774,(anonymous_37)
FN:780,(anonymous_38)
FN:798,(anonymous_39)
FN:811,(anonymous_40)
FN:814,(anonymous_41)
FN:821,(anonymous_42)
FN:829,(anonymous_43)
FN:837,(anonymous_44)
FN:845,(anonymous_45)
FN:928,(anonymous_46)
FN:933,(anonymous_47)
FN:950,(anonymous_48)
FN:958,(anonymous_49)
FN:974,(anonymous_50)
FN:981,(anonymous_51)
FN:986,(anonymous_52)
FN:990,(anonymous_53)
FN:999,(anonymous_54)
FN:1008,(anonymous_55)
FN:1017,(anonymous_56)
FN:1033,(anonymous_57)
FN:1051,(anonymous_58)
FN:1135,(anonymous_59)
FN:1156,(anonymous_60)
FN:1176,(anonymous_61)
FN:1184,(anonymous_62)
FN:1193,(anonymous_63)
FN:1288,(anonymous_64)
FN:1302,(anonymous_65)
FN:1317,(anonymous_66)
FN:1413,(anonymous_67)
FN:1427,(anonymous_68)
FN:1445,(anonymous_69)
FN:1542,(anonymous_70)
FN:1556,(anonymous_71)
FN:1574,(anonymous_72)
FN:1683,(anonymous_73)
FN:1698,(anonymous_74)
FN:1712,(anonymous_75)
FN:1720,(anonymous_76)
FN:1729,(anonymous_77)
FN:1836,(anonymous_78)
FN:1851,(anonymous_79)
FN:1865,(anonymous_80)
FN:1873,(anonymous_81)
FN:1882,(anonymous_82)
FN:1973,(anonymous_83)
FN:2009,(anonymous_84)
FN:2017,(anonymous_85)
FN:2113,(anonymous_86)
FN:2127,(anonymous_87)
FN:2142,(anonymous_88)
FN:2238,(anonymous_89)
FN:2252,(anonymous_90)
FN:2270,(anonymous_91)
FN:2343,(anonymous_92)
FN:2418,(anonymous_93)
FN:2485,(anonymous_94)
FNF:95
FNH:30
FNDA:1,(anonymous_0)
FNDA:6,(anonymous_1)
FNDA:1,(anonymous_2)
FNDA:0,(anonymous_3)
FNDA:0,(anonymous_4)
FNDA:0,(anonymous_5)
FNDA:0,(anonymous_6)
FNDA:0,(anonymous_7)
FNDA:0,(anonymous_8)
FNDA:0,(anonymous_9)
FNDA:0,(anonymous_10)
FNDA:0,(anonymous_11)
FNDA:0,(anonymous_12)
FNDA:0,(anonymous_13)
FNDA:0,(anonymous_14)
FNDA:0,(anonymous_15)
FNDA:0,(anonymous_16)
FNDA:0,(anonymous_17)
FNDA:0,(anonymous_18)
FNDA:0,(anonymous_19)
FNDA:0,(anonymous_20)
FNDA:0,(anonymous_21)
FNDA:0,(anonymous_22)
FNDA:0,(anonymous_23)
FNDA:0,(anonymous_24)
FNDA:0,(anonymous_25)
FNDA:0,(anonymous_26)
FNDA:0,(anonymous_27)
FNDA:0,(anonymous_28)
FNDA:5,(anonymous_29)
FNDA:4,(anonymous_30)
FNDA:2,(anonymous_31)
FNDA:0,(anonymous_32)
FNDA:0,(anonymous_33)
FNDA:0,(anonymous_34)
FNDA:0,(anonymous_35)
FNDA:0,(anonymous_36)
FNDA:0,(anonymous_37)
FNDA:0,(anonymous_38)
FNDA:0,(anonymous_39)
FNDA:0,(anonymous_40)
FNDA:0,(anonymous_41)
FNDA:0,(anonymous_42)
FNDA:0,(anonymous_43)
FNDA:0,(anonymous_44)
FNDA:0,(anonymous_45)
FNDA:0,(anonymous_46)
FNDA:0,(anonymous_47)
FNDA:0,(anonymous_48)
FNDA:0,(anonymous_49)
FNDA:0,(anonymous_50)
FNDA:0,(anonymous_51)
FNDA:0,(anonymous_52)
FNDA:0,(anonymous_53)
FNDA:0,(anonymous_54)
FNDA:0,(anonymous_55)
FNDA:0,(anonymous_56)
FNDA:0,(anonymous_57)
FNDA:0,(anonymous_58)
FNDA:4,(anonymous_59)
FNDA:2,(anonymous_60)
FNDA:1,(anonymous_61)
FNDA:0,(anonymous_62)
FNDA:0,(anonymous_63)
FNDA:3,(anonymous_64)
FNDA:2,(anonymous_65)
FNDA:0,(anonymous_66)
FNDA:3,(anonymous_67)
FNDA:2,(anonymous_68)
FNDA:0,(anonymous_69)
FNDA:3,(anonymous_70)
FNDA:2,(anonymous_71)
FNDA:0,(anonymous_72)
FNDA:3,(anonymous_73)
FNDA:2,(anonymous_74)
FNDA:1,(anonymous_75)
FNDA:0,(anonymous_76)
FNDA:0,(anonymous_77)
FNDA:3,(anonymous_78)
FNDA:2,(anonymous_79)
FNDA:1,(anonymous_80)
FNDA:0,(anonymous_81)
FNDA:0,(anonymous_82)
FNDA:4,(anonymous_83)
FNDA:1,(anonymous_84)
FNDA:0,(anonymous_85)
FNDA:3,(anonymous_86)
FNDA:2,(anonymous_87)
FNDA:0,(anonymous_88)
FNDA:2,(anonymous_89)
FNDA:1,(anonymous_90)
FNDA:0,(anonymous_91)
FNDA:2,(anonymous_92)
FNDA:2,(anonymous_93)
FNDA:1,(anonymous_94)
DA:1,1
DA:2,1
DA:5,1
DA:8,1
DA:11,1
DA:14,1
DA:17,1
DA:20,1
DA:23,1
DA:26,1
DA:29,1
DA:33,1
DA:34,1
DA:37,1
DA:38,1
DA:39,1
DA:40,1
DA:43,1
DA:55,1
DA:56,1
DA:57,0
DA:59,1
DA:60,1
DA:146,1
DA:148,6
DA:150,6
DA:151,6
DA:152,6
DA:153,6
DA:155,6
DA:157,1
DA:162,5
DA:163,1
DA:168,4
DA:169,1
DA:174,3
DA:175,1
DA:180,2
DA:181,1
DA:188,1
DA:190,1
DA:192,1
DA:202,0
DA:203,0
DA:211,0
DA:223,0
DA:226,0
DA:234,0
DA:242,0
DA:243,0
DA:254,1
DA:256,0
DA:259,0
DA:262,0
DA:272,0
DA:276,0
DA:283,0
DA:286,0
DA:290,0
DA:291,0
DA:297,0
DA:298,0
DA:299,0
DA:306,0
DA:307,0
DA:315,0
DA:373,1
DA:374,0
DA:376,0
DA:379,0
DA:382,0
DA:383,0
DA:386,0
DA:388,0
DA:391,0
DA:393,0
DA:394,0
DA:397,0
DA:398,0
DA:402,0
DA:403,0
DA:404,0
DA:411,0
DA:414,0
DA:417,0
DA:420,0
DA:423,0
DA:426,0
DA:427,0
DA:428,0
DA:432,0
DA:433,0
DA:434,0
DA:439,0
DA:440,0
DA:444,0
DA:445,0
DA:450,0
DA:451,0
DA:455,0
DA:456,0
DA:457,0
DA:480,1
DA:481,0
DA:558,1
DA:559,5
DA:561,5
DA:562,5
DA:564,5
DA:565,1
DA:572,4
DA:573,4
DA:578,3
DA:579,1
DA:586,2
DA:587,2
DA:588,2
DA:590,1
DA:597,1
DA:604,0
DA:614,1
DA:621,0
DA:732,1
DA:733,0
DA:736,0
DA:739,0
DA:744,0
DA:745,0
DA:752,0
DA:755,0
DA:763,0
DA:764,0
DA:774,1
DA:775,0
DA:776,0
DA:778,0
DA:782,0
DA:785,0
DA:796,0
DA:800,0
DA:806,0
DA:807,0
DA:809,0
DA:812,0
DA:816,0
DA:822,0
DA:823,0
DA:830,0
DA:831,0
DA:838,0
DA:839,0
DA:847,0
DA:848,0
DA:928,1
DA:929,0
DA:931,0
DA:934,0
DA:939,0
DA:942,0
DA:944,0
DA:947,0
DA:948,0
DA:952,0
DA:960,0
DA:961,0
DA:972,0
DA:975,0
DA:979,0
DA:984,0
DA:988,0
DA:993,0
DA:1000,0
DA:1001,0
DA:1009,0
DA:1010,0
DA:1018,0
DA:1026,0
DA:1034,0
DA:1043,0
DA:1052,0
DA:1053,0
DA:1135,1
DA:1137,4
DA:1139,4
DA:1140,4
DA:1142,4
DA:1143,1
DA:1148,3
DA:1149,1
DA:1155,2
DA:1157,2
DA:1159,1
DA:1166,1
DA:1174,1
DA:1177,1
DA:1185,0
DA:1194,0
DA:1288,1
DA:1289,3
DA:1292,3
DA:1293,1
DA:1301,2
DA:1303,2
DA:1304,1
DA:1310,1
DA:1318,0
DA:1413,1
DA:1414,3
DA:1417,3
DA:1418,1
DA:1426,2
DA:1429,2
DA:1430,1
DA:1438,1
DA:1447,0
DA:1542,1
DA:1543,3
DA:1546,3
DA:1547,1
DA:1555,2
DA:1558,2
DA:1559,1
DA:1567,1
DA:1576,0
DA:1577,0
DA:1683,1
DA:1684,3
DA:1685,3
DA:1688,3
DA:1689,1
DA:1697,2
DA:1699,2
DA:1700,1
DA:1708,1
DA:1711,1
DA:1713,1
DA:1721,0
DA:1730,0
DA:1836,1
DA:1837,3
DA:1838,3
DA:1841,3
DA:1842,1
DA:1850,2
DA:1852,2
DA:1853,1
DA:1861,1
DA:1864,1
DA:1866,1
DA:1874,0
DA:1883,0
DA:1973,1
DA:1975,4
DA:1977,4
DA:1978,4
DA:1980,4
DA:1981,1
DA:1986,3
DA:1987,1
DA:1992,2
DA:1993,1
DA:1999,1
DA:2007,1
DA:2010,1
DA:2018,0
DA:2113,1
DA:2114,3
DA:2117,3
DA:2118,1
DA:2126,2
DA:2128,2
DA:2129,1
DA:2135,1
DA:2143,0
DA:2238,1
DA:2239,2
DA:2242,2
DA:2243,1
DA:2251,1
DA:2254,1
DA:2255,0
DA:2263,1
DA:2272,0
DA:2343,1
DA:2344,2
DA:2345,2
DA:2346,2
DA:2347,1
DA:2353,1
DA:2354,1
DA:2356,1
DA:2363,0
DA:2418,1
DA:2419,2
DA:2420,2
DA:2421,2
DA:2422,1
DA:2428,1
DA:2434,0
DA:2485,1
DA:2486,1
DA:2487,1
DA:2488,1
DA:2495,0
DA:2504,1
LF:305
LH:170
BRDA:56,0,0,0
BRDA:56,0,1,1
BRDA:155,1,0,1
BRDA:155,1,1,5
BRDA:155,2,0,6
BRDA:155,2,1,5
BRDA:155,2,2,5
BRDA:155,2,3,5
BRDA:162,3,0,1
BRDA:162,3,1,4
BRDA:168,4,0,1
BRDA:168,4,1,3
BRDA:174,5,0,1
BRDA:174,5,1,2
BRDA:180,6,0,1
BRDA:180,6,1,1
BRDA:190,7,0,1
BRDA:190,7,1,0
BRDA:379,8,0,0
BRDA:379,8,1,0
BRDA:386,9,0,0
BRDA:386,9,1,0
BRDA:414,10,0,0
BRDA:414,10,1,0
BRDA:564,11,0,1
BRDA:564,11,1,4
BRDA:564,12,0,5
BRDA:564,12,1,4
BRDA:573,13,0,3
BRDA:573,13,1,1
BRDA:578,14,0,1
BRDA:578,14,1,2
BRDA:588,15,0,1
BRDA:588,15,1,1
BRDA:739,16,0,0
BRDA:739,16,1,0
BRDA:744,17,0,0
BRDA:744,17,1,0
BRDA:934,18,0,0
BRDA:934,18,1,0
BRDA:947,19,0,0
BRDA:947,19,1,0
BRDA:975,20,0,0
BRDA:975,20,1,0
BRDA:1142,21,0,1
BRDA:1142,21,1,3
BRDA:1142,22,0,4
BRDA:1142,22,1,3
BRDA:1148,23,0,1
BRDA:1148,23,1,2
BRDA:1157,24,0,1
BRDA:1157,24,1,1
BRDA:1292,25,0,1
BRDA:1292,25,1,2
BRDA:1303,26,0,1
BRDA:1303,26,1,1
BRDA:1417,27,0,1
BRDA:1417,27,1,2
BRDA:1429,28,0,1
BRDA:1429,28,1,1
BRDA:1546,29,0,1
BRDA:1546,29,1,2
BRDA:1558,30,0,1
BRDA:1558,30,1,1
BRDA:1688,31,0,1
BRDA:1688,31,1,2
BRDA:1688,32,0,3
BRDA:1688,32,1,3
BRDA:1699,33,0,1
BRDA:1699,33,1,1
BRDA:1841,34,0,1
BRDA:1841,34,1,2
BRDA:1841,35,0,3
BRDA:1841,35,1,3
BRDA:1852,36,0,1
BRDA:1852,36,1,1
BRDA:1980,37,0,1
BRDA:1980,37,1,3
BRDA:1986,38,0,1
BRDA:1986,38,1,2
BRDA:1992,39,0,1
BRDA:1992,39,1,1
BRDA:2117,40,0,1
BRDA:2117,40,1,2
BRDA:2128,41,0,1
BRDA:2128,41,1,1
BRDA:2242,42,0,1
BRDA:2242,42,1,1
BRDA:2254,43,0,0
BRDA:2254,43,1,1
BRDA:2346,44,0,1
BRDA:2346,44,1,1
BRDA:2346,45,0,2
BRDA:2346,45,1,1
BRDA:2421,46,0,1
BRDA:2421,46,1,1
BRF:96
BRH:77
end_of_record
TN:
SF:config/db.js
FN:8,(anonymous_0)
FN:11,(anonymous_1)
FNF:2
FNH:1
FNDA:1,(anonymous_0)
FNDA:0,(anonymous_1)
DA:1,1
DA:2,1
DA:4,1
DA:9,1
DA:11,0
LF:5
LH:4
BRF:0
BRH:0
end_of_record
TN:
SF:models/Budget.js
FNF:0
FNH:0
DA:1,1
DA:3,1
DA:5,1
DA:15,1
DA:17,1
LF:5
LH:5
BRF:0
BRH:0
end_of_record
TN:
SF:models/News.js
FNF:0
FNH:0
DA:1,1
DA:3,1
DA:5,1
DA:11,1
DA:13,1
LF:5
LH:5
BRF:0
BRH:0
end_of_record
TN:
SF:models/PasswordReset.js
FNF:0
FNH:0
DA:1,1
DA:3,1
DA:5,1
DA:13,1
DA:15,1
LF:5
LH:5
BRF:0
BRH:0
end_of_record
TN:
SF:models/Transaction.js
FNF:0
FNH:0
DA:1,1
DA:3,1
DA:5,1
DA:15,1
DA:17,1
LF:5
LH:5
BRF:0
BRH:0
end_of_record
TN:
SF:models/User.js
FNF:0
FNH:0
DA:3,1
DA:7,1
DA:10,1
DA:20,1
DA:24,1
LF:5
LH:5
BRF:0
BRH:0
end_of_record
TN:
SF:models/UserVerification.js
FNF:0
FNH:0
DA:1,1
DA:3,1
DA:5,1
DA:13,1
DA:15,1
LF:5
LH:5
BRF:0
BRH:0
end_of_record
